2026/03/23 18:47:33 - mmengine - INFO - 
------------------------------------------------------------
System environment:
    sys.platform: linux
    Python: 3.8.4 | packaged by conda-forge | (default, Jul 17 2020, 15:16:46) [GCC 7.5.0]
    CUDA available: True
    MUSA available: False
    numpy_random_seed: 21
    GPU 0: NVIDIA GeForce RTX 2080 Ti
    CUDA_HOME: /usr
    NVCC: Cuda compilation tools, release 12.0, V12.0.140
    GCC: gcc (Ubuntu 13.3.0-6ubuntu2~24.04.1) 13.3.0
    PyTorch: 2.4.1+cu121
    PyTorch compiling details: PyTorch built with:
  - GCC 9.3
  - C++ Version: 201703
  - Intel(R) oneAPI Math Kernel Library Version 2022.2-Product Build 20220804 for Intel(R) 64 architecture applications
  - Intel(R) MKL-DNN v3.4.2 (Git Hash 1137e04ec0b5251ca2b4400a4fd3c667ce843d67)
  - OpenMP 201511 (a.k.a. OpenMP 4.5)
  - LAPACK is enabled (usually provided by MKL)
  - NNPACK is enabled
  - CPU capability usage: AVX2
  - CUDA Runtime 12.1
  - NVCC architecture flags: -gencode;arch=compute_50,code=sm_50;-gencode;arch=compute_60,code=sm_60;-gencode;arch=compute_70,code=sm_70;-gencode;arch=compute_75,code=sm_75;-gencode;arch=compute_80,code=sm_80;-gencode;arch=compute_86,code=sm_86;-gencode;arch=compute_90,code=sm_90
  - CuDNN 90.1  (built against CUDA 12.4)
  - Magma 2.6.1
  - Build settings: BLAS_INFO=mkl, BUILD_TYPE=Release, CUDA_VERSION=12.1, CUDNN_VERSION=9.1.0, CXX_COMPILER=/opt/rh/devtoolset-9/root/usr/bin/c++, CXX_FLAGS= -D_GLIBCXX_USE_CXX11_ABI=0 -fabi-version=11 -fvisibility-inlines-hidden -DUSE_PTHREADPOOL -DNDEBUG -DUSE_KINETO -DLIBKINETO_NOROCTRACER -DUSE_FBGEMM -DUSE_PYTORCH_QNNPACK -DUSE_XNNPACK -DSYMBOLICATE_MOBILE_DEBUG_HANDLE -O2 -fPIC -Wall -Wextra -Werror=return-type -Werror=non-virtual-dtor -Werror=bool-operation -Wnarrowing -Wno-missing-field-initializers -Wno-type-limits -Wno-array-bounds -Wno-unknown-pragmas -Wno-unused-parameter -Wno-unused-function -Wno-unused-result -Wno-strict-overflow -Wno-strict-aliasing -Wno-stringop-overflow -Wsuggest-override -Wno-psabi -Wno-error=pedantic -Wno-error=old-style-cast -Wno-missing-braces -fdiagnostics-color=always -faligned-new -Wno-unused-but-set-variable -Wno-maybe-uninitialized -fno-math-errno -fno-trapping-math -Werror=format -Wno-stringop-overflow, LAPACK_INFO=mkl, PERF_WITH_AVX=1, PERF_WITH_AVX2=1, PERF_WITH_AVX512=1, TORCH_VERSION=2.4.1, USE_CUDA=ON, USE_CUDNN=ON, USE_CUSPARSELT=1, USE_EXCEPTION_PTR=1, USE_GFLAGS=OFF, USE_GLOG=OFF, USE_GLOO=ON, USE_MKL=ON, USE_MKLDNN=ON, USE_MPI=OFF, USE_NCCL=1, USE_NNPACK=ON, USE_OPENMP=ON, USE_ROCM=OFF, USE_ROCM_KERNEL_ASSERT=OFF, 

    TorchVision: 0.19.1+cu121
    OpenCV: 4.13.0
    MMEngine: 0.10.7

Runtime environment:
    cudnn_benchmark: False
    mp_cfg: {'mp_start_method': 'fork', 'opencv_num_threads': 0}
    dist_cfg: {'backend': 'nccl'}
    seed: 21
    Distributed launcher: none
    Distributed training: False
    GPU number: 1
------------------------------------------------------------

2026/03/23 18:47:33 - mmengine - INFO - Config:
auto_scale_lr = dict(base_batch_size=1024)
backend_args = dict(backend='local')
base_lr = 0.004
codec = dict(
    input_size=(
        192,
        256,
    ),
    normalize=False,
    sigma=(
        4.9,
        5.66,
    ),
    simcc_split_ratio=2.0,
    type='SimCCLabel',
    use_dark=False)
custom_hooks = [
    dict(
        switch_epoch=390,
        switch_pipeline=[
            dict(backend_args=dict(backend='local'), type='LoadImage'),
            dict(type='GetBBoxCenterScale'),
            dict(direction='horizontal', type='RandomFlip'),
            dict(type='RandomHalfBody'),
            dict(
                rotate_factor=60,
                scale_factor=[
                    0.75,
                    1.25,
                ],
                shift_factor=0.0,
                type='RandomBBoxTransform'),
            dict(input_size=(
                192,
                256,
            ), type='TopdownAffine'),
            dict(type='mmdet.YOLOXHSVRandomAug'),
            dict(
                transforms=[
                    dict(p=0.1, type='Blur'),
                    dict(p=0.1, type='MedianBlur'),
                    dict(
                        max_height=0.4,
                        max_holes=1,
                        max_width=0.4,
                        min_height=0.2,
                        min_holes=1,
                        min_width=0.2,
                        p=0.5,
                        type='CoarseDropout'),
                ],
                type='Albumentation'),
            dict(
                encoder=dict(
                    input_size=(
                        192,
                        256,
                    ),
                    normalize=False,
                    sigma=(
                        4.9,
                        5.66,
                    ),
                    simcc_split_ratio=2.0,
                    type='SimCCLabel',
                    use_dark=False),
                type='GenerateTarget'),
            dict(type='PackPoseInputs'),
        ],
        type='mmdet.PipelineSwitchHook'),
]
data_mode = 'topdown'
data_root = '/home/tvem/anime/AniPose/68 model'
dataset_type = 'CocoDataset'
default_hooks = dict(
    checkpoint=dict(
        interval=5,
        max_keep_ckpts=3,
        rule='greater',
        save_best='coco/AP',
        type='CheckpointHook'),
    logger=dict(interval=10, type='LoggerHook'),
    param_scheduler=dict(type='ParamSchedulerHook'),
    sampler_seed=dict(type='DistSamplerSeedHook'),
    timer=dict(type='IterTimerHook'))
default_scope = 'mmpose'
env_cfg = dict(
    cudnn_benchmark=False,
    dist_cfg=dict(backend='nccl'),
    mp_cfg=dict(mp_start_method='fork', opencv_num_threads=0))
load_from = None
log_level = 'INFO'
log_processor = dict(
    by_epoch=True, num_digits=6, type='LogProcessor', window_size=50)
max_epochs = 420
model = dict(
    backbone=dict(
        _scope_='mmdet',
        act_cfg=dict(type='SiLU'),
        arch='P5',
        channel_attention=True,
        deepen_factor=0.167,
        expand_ratio=0.5,
        init_cfg=dict(
            checkpoint=
            'https://download.openmmlab.com/mmpose/v1/projects/rtmposev1/cspnext-tiny_udp-aic-coco_210e-256x192-cbed682d_20230130.pth',
            prefix='backbone.',
            type='Pretrained'),
        norm_cfg=dict(type='SyncBN'),
        out_indices=(4, ),
        type='CSPNeXt',
        widen_factor=0.375),
    data_preprocessor=dict(
        bgr_to_rgb=True,
        mean=[
            123.675,
            116.28,
            103.53,
        ],
        std=[
            58.395,
            57.12,
            57.375,
        ],
        type='PoseDataPreprocessor'),
    head=dict(
        decoder=dict(
            input_size=(
                192,
                256,
            ),
            sigma=6.0,
            simcc_split_ratio=2.0,
            smoothing_type='gaussian',
            type='SimCCLabel'),
        final_layer_kernel_size=7,
        gau_cfg=dict(
            act_fn='SiLU',
            drop_path=0.0,
            dropout_rate=0.0,
            expansion_factor=2,
            hidden_dims=256,
            pos_enc=False,
            s=128,
            use_rel_bias=False),
        in_channels=384,
        in_featuremap_size=(
            6,
            8,
        ),
        input_size=(
            192,
            256,
        ),
        loss=dict(
            beta=10.0,
            label_softmax=True,
            type='KLDiscretLoss',
            use_target_weight=True),
        out_channels=17,
        simcc_split_ratio=2.0,
        type='RTMCCHead'),
    test_cfg=dict(flip_test=True),
    type='TopdownPoseEstimator')
optim_wrapper = dict(
    optimizer=dict(
        betas=(
            0.9,
            0.999,
        ), lr=0.0005, type='AdamW', weight_decay=0.01),
    paramwise_cfg=dict(
        bias_decay_mult=0, bypass_duplicate=True, norm_decay_mult=0),
    type='OptimWrapper')
param_scheduler = [
    dict(
        begin=0, by_epoch=False, end=500, start_factor=0.001, type='LinearLR'),
    dict(gamma=0.1, milestones=[
        21,
        27,
    ], type='MultiStepLR'),
]
randomness = dict(seed=21)
resume = False
stage2_num_epochs = 30
test_cfg = dict()
test_dataloader = dict(
    batch_size=8,
    dataset=dict(
        ann_file='/home/tvem/anime/AniPose/anime_coco_val.json',
        data_prefix=dict(img=''),
        data_root='/home/tvem/anime/AniPose/68 model',
        metainfo=dict(
            from_file=
            '/home/tvem/anime/AniPose/mmpose/configs/_base_/datasets/coco.py'),
        pipeline=[
            dict(file_client_args=dict(backend='disk'), type='LoadImage'),
            dict(type='GetBBoxCenterScale'),
            dict(input_size=(
                192,
                256,
            ), type='TopdownAffine', use_udp=True),
            dict(
                encoder=dict(
                    input_size=(
                        192,
                        256,
                    ),
                    label_smooth_weight=0.0,
                    sigma=6.0,
                    simcc_split_ratio=2.0,
                    smoothing_type='gaussian',
                    type='SimCCLabel'),
                type='GenerateTarget'),
            dict(type='PackPoseInputs'),
        ],
        test_mode=True,
        type='CocoDataset'),
    num_workers=4,
    persistent_workers=True,
    sampler=dict(shuffle=False, type='DefaultSampler'))
test_evaluator = dict(
    ann_file='/home/tvem/anime/AniPose/anime_coco_val.json',
    nms_mode='none',
    score_mode='keypoint',
    type='CocoMetric')
train_cfg = dict(max_epochs=30, type='EpochBasedTrainLoop', val_interval=5)
train_dataloader = dict(
    batch_size=8,
    dataset=dict(
        ann_file='/home/tvem/anime/AniPose/anime_coco_train.json',
        data_prefix=dict(img=''),
        data_root='/home/tvem/anime/AniPose/68 model',
        metainfo=dict(
            from_file=
            '/home/tvem/anime/AniPose/mmpose/configs/_base_/datasets/coco.py'),
        pipeline=[
            dict(file_client_args=dict(backend='disk'), type='LoadImage'),
            dict(type='GetBBoxCenterScale'),
            dict(direction='horizontal', prob=0.5, type='RandomFlip'),
            dict(
                scale_factor=[
                    0.75,
                    1.25,
                ],
                shift_factor=0.1,
                type='RandomBBoxTransform'),
            dict(input_size=(
                192,
                256,
            ), type='TopdownAffine', use_udp=True),
            dict(
                encoder=dict(
                    input_size=(
                        192,
                        256,
                    ),
                    label_smooth_weight=0.0,
                    sigma=6.0,
                    simcc_split_ratio=2.0,
                    smoothing_type='gaussian',
                    type='SimCCLabel'),
                type='GenerateTarget'),
            dict(type='PackPoseInputs'),
        ],
        type='CocoDataset'),
    num_workers=4,
    persistent_workers=True,
    sampler=dict(shuffle=True, type='DefaultSampler'))
train_pipeline = [
    dict(backend_args=dict(backend='local'), type='LoadImage'),
    dict(type='GetBBoxCenterScale'),
    dict(direction='horizontal', type='RandomFlip'),
    dict(type='RandomHalfBody'),
    dict(
        rotate_factor=80,
        scale_factor=[
            0.6,
            1.4,
        ],
        type='RandomBBoxTransform'),
    dict(input_size=(
        192,
        256,
    ), type='TopdownAffine'),
    dict(type='mmdet.YOLOXHSVRandomAug'),
    dict(
        transforms=[
            dict(p=0.1, type='Blur'),
            dict(p=0.1, type='MedianBlur'),
            dict(
                max_height=0.4,
                max_holes=1,
                max_width=0.4,
                min_height=0.2,
                min_holes=1,
                min_width=0.2,
                p=1.0,
                type='CoarseDropout'),
        ],
        type='Albumentation'),
    dict(
        encoder=dict(
            input_size=(
                192,
                256,
            ),
            normalize=False,
            sigma=(
                4.9,
                5.66,
            ),
            simcc_split_ratio=2.0,
            type='SimCCLabel',
            use_dark=False),
        type='GenerateTarget'),
    dict(type='PackPoseInputs'),
]
train_pipeline_stage2 = [
    dict(backend_args=dict(backend='local'), type='LoadImage'),
    dict(type='GetBBoxCenterScale'),
    dict(direction='horizontal', type='RandomFlip'),
    dict(type='RandomHalfBody'),
    dict(
        rotate_factor=60,
        scale_factor=[
            0.75,
            1.25,
        ],
        shift_factor=0.0,
        type='RandomBBoxTransform'),
    dict(input_size=(
        192,
        256,
    ), type='TopdownAffine'),
    dict(type='mmdet.YOLOXHSVRandomAug'),
    dict(
        transforms=[
            dict(p=0.1, type='Blur'),
            dict(p=0.1, type='MedianBlur'),
            dict(
                max_height=0.4,
                max_holes=1,
                max_width=0.4,
                min_height=0.2,
                min_holes=1,
                min_width=0.2,
                p=0.5,
                type='CoarseDropout'),
        ],
        type='Albumentation'),
    dict(
        encoder=dict(
            input_size=(
                192,
                256,
            ),
            normalize=False,
            sigma=(
                4.9,
                5.66,
            ),
            simcc_split_ratio=2.0,
            type='SimCCLabel',
            use_dark=False),
        type='GenerateTarget'),
    dict(type='PackPoseInputs'),
]
val_cfg = dict()
val_dataloader = dict(
    batch_size=8,
    dataset=dict(
        ann_file='/home/tvem/anime/AniPose/anime_coco_val.json',
        data_prefix=dict(img=''),
        data_root='/home/tvem/anime/AniPose/68 model',
        metainfo=dict(
            from_file=
            '/home/tvem/anime/AniPose/mmpose/configs/_base_/datasets/coco.py'),
        pipeline=[
            dict(file_client_args=dict(backend='disk'), type='LoadImage'),
            dict(type='GetBBoxCenterScale'),
            dict(input_size=(
                192,
                256,
            ), type='TopdownAffine', use_udp=True),
            dict(
                encoder=dict(
                    input_size=(
                        192,
                        256,
                    ),
                    label_smooth_weight=0.0,
                    sigma=6.0,
                    simcc_split_ratio=2.0,
                    smoothing_type='gaussian',
                    type='SimCCLabel'),
                type='GenerateTarget'),
            dict(type='PackPoseInputs'),
        ],
        test_mode=True,
        type='CocoDataset'),
    num_workers=4,
    persistent_workers=True,
    sampler=dict(shuffle=False, type='DefaultSampler'))
val_evaluator = dict(
    ann_file='/home/tvem/anime/AniPose/anime_coco_val.json',
    nms_mode='none',
    score_mode='keypoint',
    type='CocoMetric')
val_pipeline = [
    dict(backend_args=dict(backend='local'), type='LoadImage'),
    dict(type='GetBBoxCenterScale'),
    dict(input_size=(
        192,
        256,
    ), type='TopdownAffine'),
    dict(type='PackPoseInputs'),
]
vis_backends = [
    dict(type='LocalVisBackend'),
]
visualizer = dict(
    name='visualizer',
    type='PoseLocalVisualizer',
    vis_backends=[
        dict(type='LocalVisBackend'),
    ])
work_dir = './work_dirs/anime_rtmpose_tiny'

2026/03/23 18:47:35 - mmengine - INFO - Distributed training is not used, all SyncBatchNorm (SyncBN) layers in the model will be automatically reverted to BatchNormXd layers if they are used.
2026/03/23 18:47:35 - mmengine - INFO - Hooks will be executed in the following order:
before_run:
(VERY_HIGH   ) RuntimeInfoHook                    
(BELOW_NORMAL) LoggerHook                         
 -------------------- 
before_train:
(VERY_HIGH   ) RuntimeInfoHook                    
(NORMAL      ) IterTimerHook                      
(VERY_LOW    ) CheckpointHook                     
 -------------------- 
before_train_epoch:
(VERY_HIGH   ) RuntimeInfoHook                    
(NORMAL      ) IterTimerHook                      
(NORMAL      ) DistSamplerSeedHook                
(NORMAL      ) PipelineSwitchHook                 
 -------------------- 
before_train_iter:
(VERY_HIGH   ) RuntimeInfoHook                    
(NORMAL      ) IterTimerHook                      
 -------------------- 
after_train_iter:
(VERY_HIGH   ) RuntimeInfoHook                    
(NORMAL      ) IterTimerHook                      
(BELOW_NORMAL) LoggerHook                         
(LOW         ) ParamSchedulerHook                 
(VERY_LOW    ) CheckpointHook                     
 -------------------- 
after_train_epoch:
(NORMAL      ) IterTimerHook                      
(LOW         ) ParamSchedulerHook                 
(VERY_LOW    ) CheckpointHook                     
 -------------------- 
before_val:
(VERY_HIGH   ) RuntimeInfoHook                    
 -------------------- 
before_val_epoch:
(NORMAL      ) IterTimerHook                      
 -------------------- 
before_val_iter:
(NORMAL      ) IterTimerHook                      
 -------------------- 
after_val_iter:
(NORMAL      ) IterTimerHook                      
(BELOW_NORMAL) LoggerHook                         
 -------------------- 
after_val_epoch:
(VERY_HIGH   ) RuntimeInfoHook                    
(NORMAL      ) IterTimerHook                      
(BELOW_NORMAL) LoggerHook                         
(LOW         ) ParamSchedulerHook                 
(VERY_LOW    ) CheckpointHook                     
 -------------------- 
after_val:
(VERY_HIGH   ) RuntimeInfoHook                    
 -------------------- 
after_train:
(VERY_HIGH   ) RuntimeInfoHook                    
(VERY_LOW    ) CheckpointHook                     
 -------------------- 
before_test:
(VERY_HIGH   ) RuntimeInfoHook                    
 -------------------- 
before_test_epoch:
(NORMAL      ) IterTimerHook                      
 -------------------- 
before_test_iter:
(NORMAL      ) IterTimerHook                      
 -------------------- 
after_test_iter:
(NORMAL      ) IterTimerHook                      
(BELOW_NORMAL) LoggerHook                         
 -------------------- 
after_test_epoch:
(VERY_HIGH   ) RuntimeInfoHook                    
(NORMAL      ) IterTimerHook                      
(BELOW_NORMAL) LoggerHook                         
 -------------------- 
after_test:
(VERY_HIGH   ) RuntimeInfoHook                    
 -------------------- 
after_run:
(BELOW_NORMAL) LoggerHook                         
 -------------------- 
2026/03/23 18:47:37 - mmengine - INFO - paramwise_options -- backbone.stem.0.bn.weight:weight_decay=0.0
2026/03/23 18:47:37 - mmengine - INFO - paramwise_options -- backbone.stem.0.bn.bias:weight_decay=0.0
2026/03/23 18:47:37 - mmengine - INFO - paramwise_options -- backbone.stem.1.bn.weight:weight_decay=0.0
2026/03/23 18:47:37 - mmengine - INFO - paramwise_options -- backbone.stem.1.bn.bias:weight_decay=0.0
2026/03/23 18:47:37 - mmengine - INFO - paramwise_options -- backbone.stem.2.bn.weight:weight_decay=0.0
2026/03/23 18:47:37 - mmengine - INFO - paramwise_options -- backbone.stem.2.bn.bias:weight_decay=0.0
2026/03/23 18:47:37 - mmengine - INFO - paramwise_options -- backbone.stage1.0.bn.weight:weight_decay=0.0
2026/03/23 18:47:37 - mmengine - INFO - paramwise_options -- backbone.stage1.0.bn.bias:weight_decay=0.0
2026/03/23 18:47:37 - mmengine - INFO - paramwise_options -- backbone.stage1.1.main_conv.bn.weight:weight_decay=0.0
2026/03/23 18:47:37 - mmengine - INFO - paramwise_options -- backbone.stage1.1.main_conv.bn.bias:weight_decay=0.0
2026/03/23 18:47:37 - mmengine - INFO - paramwise_options -- backbone.stage1.1.short_conv.bn.weight:weight_decay=0.0
2026/03/23 18:47:37 - mmengine - INFO - paramwise_options -- backbone.stage1.1.short_conv.bn.bias:weight_decay=0.0
2026/03/23 18:47:37 - mmengine - INFO - paramwise_options -- backbone.stage1.1.final_conv.bn.weight:weight_decay=0.0
2026/03/23 18:47:37 - mmengine - INFO - paramwise_options -- backbone.stage1.1.final_conv.bn.bias:weight_decay=0.0
2026/03/23 18:47:37 - mmengine - INFO - paramwise_options -- backbone.stage1.1.blocks.0.conv1.bn.weight:weight_decay=0.0
2026/03/23 18:47:37 - mmengine - INFO - paramwise_options -- backbone.stage1.1.blocks.0.conv1.bn.bias:weight_decay=0.0
2026/03/23 18:47:37 - mmengine - INFO - paramwise_options -- backbone.stage1.1.blocks.0.conv2.depthwise_conv.bn.weight:weight_decay=0.0
2026/03/23 18:47:37 - mmengine - INFO - paramwise_options -- backbone.stage1.1.blocks.0.conv2.depthwise_conv.bn.bias:weight_decay=0.0
2026/03/23 18:47:37 - mmengine - INFO - paramwise_options -- backbone.stage1.1.blocks.0.conv2.pointwise_conv.bn.weight:weight_decay=0.0
2026/03/23 18:47:37 - mmengine - INFO - paramwise_options -- backbone.stage1.1.blocks.0.conv2.pointwise_conv.bn.bias:weight_decay=0.0
2026/03/23 18:47:37 - mmengine - INFO - paramwise_options -- backbone.stage1.1.attention.fc.bias:weight_decay=0.0
2026/03/23 18:47:37 - mmengine - INFO - paramwise_options -- backbone.stage2.0.bn.weight:weight_decay=0.0
2026/03/23 18:47:37 - mmengine - INFO - paramwise_options -- backbone.stage2.0.bn.bias:weight_decay=0.0
2026/03/23 18:47:37 - mmengine - INFO - paramwise_options -- backbone.stage2.1.main_conv.bn.weight:weight_decay=0.0
2026/03/23 18:47:37 - mmengine - INFO - paramwise_options -- backbone.stage2.1.main_conv.bn.bias:weight_decay=0.0
2026/03/23 18:47:37 - mmengine - INFO - paramwise_options -- backbone.stage2.1.short_conv.bn.weight:weight_decay=0.0
2026/03/23 18:47:37 - mmengine - INFO - paramwise_options -- backbone.stage2.1.short_conv.bn.bias:weight_decay=0.0
2026/03/23 18:47:37 - mmengine - INFO - paramwise_options -- backbone.stage2.1.final_conv.bn.weight:weight_decay=0.0
2026/03/23 18:47:37 - mmengine - INFO - paramwise_options -- backbone.stage2.1.final_conv.bn.bias:weight_decay=0.0
2026/03/23 18:47:37 - mmengine - INFO - paramwise_options -- backbone.stage2.1.blocks.0.conv1.bn.weight:weight_decay=0.0
2026/03/23 18:47:37 - mmengine - INFO - paramwise_options -- backbone.stage2.1.blocks.0.conv1.bn.bias:weight_decay=0.0
2026/03/23 18:47:37 - mmengine - INFO - paramwise_options -- backbone.stage2.1.blocks.0.conv2.depthwise_conv.bn.weight:weight_decay=0.0
2026/03/23 18:47:37 - mmengine - INFO - paramwise_options -- backbone.stage2.1.blocks.0.conv2.depthwise_conv.bn.bias:weight_decay=0.0
2026/03/23 18:47:37 - mmengine - INFO - paramwise_options -- backbone.stage2.1.blocks.0.conv2.pointwise_conv.bn.weight:weight_decay=0.0
2026/03/23 18:47:37 - mmengine - INFO - paramwise_options -- backbone.stage2.1.blocks.0.conv2.pointwise_conv.bn.bias:weight_decay=0.0
2026/03/23 18:47:37 - mmengine - INFO - paramwise_options -- backbone.stage2.1.attention.fc.bias:weight_decay=0.0
2026/03/23 18:47:37 - mmengine - INFO - paramwise_options -- backbone.stage3.0.bn.weight:weight_decay=0.0
2026/03/23 18:47:37 - mmengine - INFO - paramwise_options -- backbone.stage3.0.bn.bias:weight_decay=0.0
2026/03/23 18:47:37 - mmengine - INFO - paramwise_options -- backbone.stage3.1.main_conv.bn.weight:weight_decay=0.0
2026/03/23 18:47:37 - mmengine - INFO - paramwise_options -- backbone.stage3.1.main_conv.bn.bias:weight_decay=0.0
2026/03/23 18:47:37 - mmengine - INFO - paramwise_options -- backbone.stage3.1.short_conv.bn.weight:weight_decay=0.0
2026/03/23 18:47:37 - mmengine - INFO - paramwise_options -- backbone.stage3.1.short_conv.bn.bias:weight_decay=0.0
2026/03/23 18:47:37 - mmengine - INFO - paramwise_options -- backbone.stage3.1.final_conv.bn.weight:weight_decay=0.0
2026/03/23 18:47:37 - mmengine - INFO - paramwise_options -- backbone.stage3.1.final_conv.bn.bias:weight_decay=0.0
2026/03/23 18:47:37 - mmengine - INFO - paramwise_options -- backbone.stage3.1.blocks.0.conv1.bn.weight:weight_decay=0.0
2026/03/23 18:47:37 - mmengine - INFO - paramwise_options -- backbone.stage3.1.blocks.0.conv1.bn.bias:weight_decay=0.0
2026/03/23 18:47:37 - mmengine - INFO - paramwise_options -- backbone.stage3.1.blocks.0.conv2.depthwise_conv.bn.weight:weight_decay=0.0
2026/03/23 18:47:37 - mmengine - INFO - paramwise_options -- backbone.stage3.1.blocks.0.conv2.depthwise_conv.bn.bias:weight_decay=0.0
2026/03/23 18:47:37 - mmengine - INFO - paramwise_options -- backbone.stage3.1.blocks.0.conv2.pointwise_conv.bn.weight:weight_decay=0.0
2026/03/23 18:47:37 - mmengine - INFO - paramwise_options -- backbone.stage3.1.blocks.0.conv2.pointwise_conv.bn.bias:weight_decay=0.0
2026/03/23 18:47:37 - mmengine - INFO - paramwise_options -- backbone.stage3.1.attention.fc.bias:weight_decay=0.0
2026/03/23 18:47:37 - mmengine - INFO - paramwise_options -- backbone.stage4.0.bn.weight:weight_decay=0.0
2026/03/23 18:47:37 - mmengine - INFO - paramwise_options -- backbone.stage4.0.bn.bias:weight_decay=0.0
2026/03/23 18:47:37 - mmengine - INFO - paramwise_options -- backbone.stage4.1.conv1.bn.weight:weight_decay=0.0
2026/03/23 18:47:37 - mmengine - INFO - paramwise_options -- backbone.stage4.1.conv1.bn.bias:weight_decay=0.0
2026/03/23 18:47:37 - mmengine - INFO - paramwise_options -- backbone.stage4.1.conv2.bn.weight:weight_decay=0.0
2026/03/23 18:47:37 - mmengine - INFO - paramwise_options -- backbone.stage4.1.conv2.bn.bias:weight_decay=0.0
2026/03/23 18:47:37 - mmengine - INFO - paramwise_options -- backbone.stage4.2.main_conv.bn.weight:weight_decay=0.0
2026/03/23 18:47:37 - mmengine - INFO - paramwise_options -- backbone.stage4.2.main_conv.bn.bias:weight_decay=0.0
2026/03/23 18:47:37 - mmengine - INFO - paramwise_options -- backbone.stage4.2.short_conv.bn.weight:weight_decay=0.0
2026/03/23 18:47:37 - mmengine - INFO - paramwise_options -- backbone.stage4.2.short_conv.bn.bias:weight_decay=0.0
2026/03/23 18:47:37 - mmengine - INFO - paramwise_options -- backbone.stage4.2.final_conv.bn.weight:weight_decay=0.0
2026/03/23 18:47:37 - mmengine - INFO - paramwise_options -- backbone.stage4.2.final_conv.bn.bias:weight_decay=0.0
2026/03/23 18:47:37 - mmengine - INFO - paramwise_options -- backbone.stage4.2.blocks.0.conv1.bn.weight:weight_decay=0.0
2026/03/23 18:47:37 - mmengine - INFO - paramwise_options -- backbone.stage4.2.blocks.0.conv1.bn.bias:weight_decay=0.0
2026/03/23 18:47:37 - mmengine - INFO - paramwise_options -- backbone.stage4.2.blocks.0.conv2.depthwise_conv.bn.weight:weight_decay=0.0
2026/03/23 18:47:37 - mmengine - INFO - paramwise_options -- backbone.stage4.2.blocks.0.conv2.depthwise_conv.bn.bias:weight_decay=0.0
2026/03/23 18:47:37 - mmengine - INFO - paramwise_options -- backbone.stage4.2.blocks.0.conv2.pointwise_conv.bn.weight:weight_decay=0.0
2026/03/23 18:47:37 - mmengine - INFO - paramwise_options -- backbone.stage4.2.blocks.0.conv2.pointwise_conv.bn.bias:weight_decay=0.0
2026/03/23 18:47:37 - mmengine - INFO - paramwise_options -- backbone.stage4.2.attention.fc.bias:weight_decay=0.0
2026/03/23 18:47:37 - mmengine - INFO - paramwise_options -- head.final_layer.bias:weight_decay=0.0
2026/03/23 18:47:37 - mmengine - INFO - load backbone. in model from: https://download.openmmlab.com/mmpose/v1/projects/rtmposev1/cspnext-tiny_udp-aic-coco_210e-256x192-cbed682d_20230130.pth
Name of parameter - Initialization information

backbone.stem.0.conv.weight - torch.Size([12, 3, 3, 3]): 
PretrainedInit: load from https://download.openmmlab.com/mmpose/v1/projects/rtmposev1/cspnext-tiny_udp-aic-coco_210e-256x192-cbed682d_20230130.pth 

backbone.stem.0.bn.weight - torch.Size([12]): 
PretrainedInit: load from https://download.openmmlab.com/mmpose/v1/projects/rtmposev1/cspnext-tiny_udp-aic-coco_210e-256x192-cbed682d_20230130.pth 

backbone.stem.0.bn.bias - torch.Size([12]): 
PretrainedInit: load from https://download.openmmlab.com/mmpose/v1/projects/rtmposev1/cspnext-tiny_udp-aic-coco_210e-256x192-cbed682d_20230130.pth 

backbone.stem.1.conv.weight - torch.Size([12, 12, 3, 3]): 
PretrainedInit: load from https://download.openmmlab.com/mmpose/v1/projects/rtmposev1/cspnext-tiny_udp-aic-coco_210e-256x192-cbed682d_20230130.pth 

backbone.stem.1.bn.weight - torch.Size([12]): 
PretrainedInit: load from https://download.openmmlab.com/mmpose/v1/projects/rtmposev1/cspnext-tiny_udp-aic-coco_210e-256x192-cbed682d_20230130.pth 

backbone.stem.1.bn.bias - torch.Size([12]): 
PretrainedInit: load from https://download.openmmlab.com/mmpose/v1/projects/rtmposev1/cspnext-tiny_udp-aic-coco_210e-256x192-cbed682d_20230130.pth 

backbone.stem.2.conv.weight - torch.Size([24, 12, 3, 3]): 
PretrainedInit: load from https://download.openmmlab.com/mmpose/v1/projects/rtmposev1/cspnext-tiny_udp-aic-coco_210e-256x192-cbed682d_20230130.pth 

backbone.stem.2.bn.weight - torch.Size([24]): 
PretrainedInit: load from https://download.openmmlab.com/mmpose/v1/projects/rtmposev1/cspnext-tiny_udp-aic-coco_210e-256x192-cbed682d_20230130.pth 

backbone.stem.2.bn.bias - torch.Size([24]): 
PretrainedInit: load from https://download.openmmlab.com/mmpose/v1/projects/rtmposev1/cspnext-tiny_udp-aic-coco_210e-256x192-cbed682d_20230130.pth 

backbone.stage1.0.conv.weight - torch.Size([48, 24, 3, 3]): 
PretrainedInit: load from https://download.openmmlab.com/mmpose/v1/projects/rtmposev1/cspnext-tiny_udp-aic-coco_210e-256x192-cbed682d_20230130.pth 

backbone.stage1.0.bn.weight - torch.Size([48]): 
PretrainedInit: load from https://download.openmmlab.com/mmpose/v1/projects/rtmposev1/cspnext-tiny_udp-aic-coco_210e-256x192-cbed682d_20230130.pth 

backbone.stage1.0.bn.bias - torch.Size([48]): 
PretrainedInit: load from https://download.openmmlab.com/mmpose/v1/projects/rtmposev1/cspnext-tiny_udp-aic-coco_210e-256x192-cbed682d_20230130.pth 

backbone.stage1.1.main_conv.conv.weight - torch.Size([24, 48, 1, 1]): 
PretrainedInit: load from https://download.openmmlab.com/mmpose/v1/projects/rtmposev1/cspnext-tiny_udp-aic-coco_210e-256x192-cbed682d_20230130.pth 

backbone.stage1.1.main_conv.bn.weight - torch.Size([24]): 
PretrainedInit: load from https://download.openmmlab.com/mmpose/v1/projects/rtmposev1/cspnext-tiny_udp-aic-coco_210e-256x192-cbed682d_20230130.pth 

backbone.stage1.1.main_conv.bn.bias - torch.Size([24]): 
PretrainedInit: load from https://download.openmmlab.com/mmpose/v1/projects/rtmposev1/cspnext-tiny_udp-aic-coco_210e-256x192-cbed682d_20230130.pth 

backbone.stage1.1.short_conv.conv.weight - torch.Size([24, 48, 1, 1]): 
PretrainedInit: load from https://download.openmmlab.com/mmpose/v1/projects/rtmposev1/cspnext-tiny_udp-aic-coco_210e-256x192-cbed682d_20230130.pth 

backbone.stage1.1.short_conv.bn.weight - torch.Size([24]): 
PretrainedInit: load from https://download.openmmlab.com/mmpose/v1/projects/rtmposev1/cspnext-tiny_udp-aic-coco_210e-256x192-cbed682d_20230130.pth 

backbone.stage1.1.short_conv.bn.bias - torch.Size([24]): 
PretrainedInit: load from https://download.openmmlab.com/mmpose/v1/projects/rtmposev1/cspnext-tiny_udp-aic-coco_210e-256x192-cbed682d_20230130.pth 

backbone.stage1.1.final_conv.conv.weight - torch.Size([48, 48, 1, 1]): 
PretrainedInit: load from https://download.openmmlab.com/mmpose/v1/projects/rtmposev1/cspnext-tiny_udp-aic-coco_210e-256x192-cbed682d_20230130.pth 

backbone.stage1.1.final_conv.bn.weight - torch.Size([48]): 
PretrainedInit: load from https://download.openmmlab.com/mmpose/v1/projects/rtmposev1/cspnext-tiny_udp-aic-coco_210e-256x192-cbed682d_20230130.pth 

backbone.stage1.1.final_conv.bn.bias - torch.Size([48]): 
PretrainedInit: load from https://download.openmmlab.com/mmpose/v1/projects/rtmposev1/cspnext-tiny_udp-aic-coco_210e-256x192-cbed682d_20230130.pth 

backbone.stage1.1.blocks.0.conv1.conv.weight - torch.Size([24, 24, 3, 3]): 
PretrainedInit: load from https://download.openmmlab.com/mmpose/v1/projects/rtmposev1/cspnext-tiny_udp-aic-coco_210e-256x192-cbed682d_20230130.pth 

backbone.stage1.1.blocks.0.conv1.bn.weight - torch.Size([24]): 
PretrainedInit: load from https://download.openmmlab.com/mmpose/v1/projects/rtmposev1/cspnext-tiny_udp-aic-coco_210e-256x192-cbed682d_20230130.pth 

backbone.stage1.1.blocks.0.conv1.bn.bias - torch.Size([24]): 
PretrainedInit: load from https://download.openmmlab.com/mmpose/v1/projects/rtmposev1/cspnext-tiny_udp-aic-coco_210e-256x192-cbed682d_20230130.pth 

backbone.stage1.1.blocks.0.conv2.depthwise_conv.conv.weight - torch.Size([24, 1, 5, 5]): 
PretrainedInit: load from https://download.openmmlab.com/mmpose/v1/projects/rtmposev1/cspnext-tiny_udp-aic-coco_210e-256x192-cbed682d_20230130.pth 

backbone.stage1.1.blocks.0.conv2.depthwise_conv.bn.weight - torch.Size([24]): 
PretrainedInit: load from https://download.openmmlab.com/mmpose/v1/projects/rtmposev1/cspnext-tiny_udp-aic-coco_210e-256x192-cbed682d_20230130.pth 

backbone.stage1.1.blocks.0.conv2.depthwise_conv.bn.bias - torch.Size([24]): 
PretrainedInit: load from https://download.openmmlab.com/mmpose/v1/projects/rtmposev1/cspnext-tiny_udp-aic-coco_210e-256x192-cbed682d_20230130.pth 

backbone.stage1.1.blocks.0.conv2.pointwise_conv.conv.weight - torch.Size([24, 24, 1, 1]): 
PretrainedInit: load from https://download.openmmlab.com/mmpose/v1/projects/rtmposev1/cspnext-tiny_udp-aic-coco_210e-256x192-cbed682d_20230130.pth 

backbone.stage1.1.blocks.0.conv2.pointwise_conv.bn.weight - torch.Size([24]): 
PretrainedInit: load from https://download.openmmlab.com/mmpose/v1/projects/rtmposev1/cspnext-tiny_udp-aic-coco_210e-256x192-cbed682d_20230130.pth 

backbone.stage1.1.blocks.0.conv2.pointwise_conv.bn.bias - torch.Size([24]): 
PretrainedInit: load from https://download.openmmlab.com/mmpose/v1/projects/rtmposev1/cspnext-tiny_udp-aic-coco_210e-256x192-cbed682d_20230130.pth 

backbone.stage1.1.attention.fc.weight - torch.Size([48, 48, 1, 1]): 
PretrainedInit: load from https://download.openmmlab.com/mmpose/v1/projects/rtmposev1/cspnext-tiny_udp-aic-coco_210e-256x192-cbed682d_20230130.pth 

backbone.stage1.1.attention.fc.bias - torch.Size([48]): 
PretrainedInit: load from https://download.openmmlab.com/mmpose/v1/projects/rtmposev1/cspnext-tiny_udp-aic-coco_210e-256x192-cbed682d_20230130.pth 

backbone.stage2.0.conv.weight - torch.Size([96, 48, 3, 3]): 
PretrainedInit: load from https://download.openmmlab.com/mmpose/v1/projects/rtmposev1/cspnext-tiny_udp-aic-coco_210e-256x192-cbed682d_20230130.pth 

backbone.stage2.0.bn.weight - torch.Size([96]): 
PretrainedInit: load from https://download.openmmlab.com/mmpose/v1/projects/rtmposev1/cspnext-tiny_udp-aic-coco_210e-256x192-cbed682d_20230130.pth 

backbone.stage2.0.bn.bias - torch.Size([96]): 
PretrainedInit: load from https://download.openmmlab.com/mmpose/v1/projects/rtmposev1/cspnext-tiny_udp-aic-coco_210e-256x192-cbed682d_20230130.pth 

backbone.stage2.1.main_conv.conv.weight - torch.Size([48, 96, 1, 1]): 
PretrainedInit: load from https://download.openmmlab.com/mmpose/v1/projects/rtmposev1/cspnext-tiny_udp-aic-coco_210e-256x192-cbed682d_20230130.pth 

backbone.stage2.1.main_conv.bn.weight - torch.Size([48]): 
PretrainedInit: load from https://download.openmmlab.com/mmpose/v1/projects/rtmposev1/cspnext-tiny_udp-aic-coco_210e-256x192-cbed682d_20230130.pth 

backbone.stage2.1.main_conv.bn.bias - torch.Size([48]): 
PretrainedInit: load from https://download.openmmlab.com/mmpose/v1/projects/rtmposev1/cspnext-tiny_udp-aic-coco_210e-256x192-cbed682d_20230130.pth 

backbone.stage2.1.short_conv.conv.weight - torch.Size([48, 96, 1, 1]): 
PretrainedInit: load from https://download.openmmlab.com/mmpose/v1/projects/rtmposev1/cspnext-tiny_udp-aic-coco_210e-256x192-cbed682d_20230130.pth 

backbone.stage2.1.short_conv.bn.weight - torch.Size([48]): 
PretrainedInit: load from https://download.openmmlab.com/mmpose/v1/projects/rtmposev1/cspnext-tiny_udp-aic-coco_210e-256x192-cbed682d_20230130.pth 

backbone.stage2.1.short_conv.bn.bias - torch.Size([48]): 
PretrainedInit: load from https://download.openmmlab.com/mmpose/v1/projects/rtmposev1/cspnext-tiny_udp-aic-coco_210e-256x192-cbed682d_20230130.pth 

backbone.stage2.1.final_conv.conv.weight - torch.Size([96, 96, 1, 1]): 
PretrainedInit: load from https://download.openmmlab.com/mmpose/v1/projects/rtmposev1/cspnext-tiny_udp-aic-coco_210e-256x192-cbed682d_20230130.pth 

backbone.stage2.1.final_conv.bn.weight - torch.Size([96]): 
PretrainedInit: load from https://download.openmmlab.com/mmpose/v1/projects/rtmposev1/cspnext-tiny_udp-aic-coco_210e-256x192-cbed682d_20230130.pth 

backbone.stage2.1.final_conv.bn.bias - torch.Size([96]): 
PretrainedInit: load from https://download.openmmlab.com/mmpose/v1/projects/rtmposev1/cspnext-tiny_udp-aic-coco_210e-256x192-cbed682d_20230130.pth 

backbone.stage2.1.blocks.0.conv1.conv.weight - torch.Size([48, 48, 3, 3]): 
PretrainedInit: load from https://download.openmmlab.com/mmpose/v1/projects/rtmposev1/cspnext-tiny_udp-aic-coco_210e-256x192-cbed682d_20230130.pth 

backbone.stage2.1.blocks.0.conv1.bn.weight - torch.Size([48]): 
PretrainedInit: load from https://download.openmmlab.com/mmpose/v1/projects/rtmposev1/cspnext-tiny_udp-aic-coco_210e-256x192-cbed682d_20230130.pth 

backbone.stage2.1.blocks.0.conv1.bn.bias - torch.Size([48]): 
PretrainedInit: load from https://download.openmmlab.com/mmpose/v1/projects/rtmposev1/cspnext-tiny_udp-aic-coco_210e-256x192-cbed682d_20230130.pth 

backbone.stage2.1.blocks.0.conv2.depthwise_conv.conv.weight - torch.Size([48, 1, 5, 5]): 
PretrainedInit: load from https://download.openmmlab.com/mmpose/v1/projects/rtmposev1/cspnext-tiny_udp-aic-coco_210e-256x192-cbed682d_20230130.pth 

backbone.stage2.1.blocks.0.conv2.depthwise_conv.bn.weight - torch.Size([48]): 
PretrainedInit: load from https://download.openmmlab.com/mmpose/v1/projects/rtmposev1/cspnext-tiny_udp-aic-coco_210e-256x192-cbed682d_20230130.pth 

backbone.stage2.1.blocks.0.conv2.depthwise_conv.bn.bias - torch.Size([48]): 
PretrainedInit: load from https://download.openmmlab.com/mmpose/v1/projects/rtmposev1/cspnext-tiny_udp-aic-coco_210e-256x192-cbed682d_20230130.pth 

backbone.stage2.1.blocks.0.conv2.pointwise_conv.conv.weight - torch.Size([48, 48, 1, 1]): 
PretrainedInit: load from https://download.openmmlab.com/mmpose/v1/projects/rtmposev1/cspnext-tiny_udp-aic-coco_210e-256x192-cbed682d_20230130.pth 

backbone.stage2.1.blocks.0.conv2.pointwise_conv.bn.weight - torch.Size([48]): 
PretrainedInit: load from https://download.openmmlab.com/mmpose/v1/projects/rtmposev1/cspnext-tiny_udp-aic-coco_210e-256x192-cbed682d_20230130.pth 

backbone.stage2.1.blocks.0.conv2.pointwise_conv.bn.bias - torch.Size([48]): 
PretrainedInit: load from https://download.openmmlab.com/mmpose/v1/projects/rtmposev1/cspnext-tiny_udp-aic-coco_210e-256x192-cbed682d_20230130.pth 

backbone.stage2.1.attention.fc.weight - torch.Size([96, 96, 1, 1]): 
PretrainedInit: load from https://download.openmmlab.com/mmpose/v1/projects/rtmposev1/cspnext-tiny_udp-aic-coco_210e-256x192-cbed682d_20230130.pth 

backbone.stage2.1.attention.fc.bias - torch.Size([96]): 
PretrainedInit: load from https://download.openmmlab.com/mmpose/v1/projects/rtmposev1/cspnext-tiny_udp-aic-coco_210e-256x192-cbed682d_20230130.pth 

backbone.stage3.0.conv.weight - torch.Size([192, 96, 3, 3]): 
PretrainedInit: load from https://download.openmmlab.com/mmpose/v1/projects/rtmposev1/cspnext-tiny_udp-aic-coco_210e-256x192-cbed682d_20230130.pth 

backbone.stage3.0.bn.weight - torch.Size([192]): 
PretrainedInit: load from https://download.openmmlab.com/mmpose/v1/projects/rtmposev1/cspnext-tiny_udp-aic-coco_210e-256x192-cbed682d_20230130.pth 

backbone.stage3.0.bn.bias - torch.Size([192]): 
PretrainedInit: load from https://download.openmmlab.com/mmpose/v1/projects/rtmposev1/cspnext-tiny_udp-aic-coco_210e-256x192-cbed682d_20230130.pth 

backbone.stage3.1.main_conv.conv.weight - torch.Size([96, 192, 1, 1]): 
PretrainedInit: load from https://download.openmmlab.com/mmpose/v1/projects/rtmposev1/cspnext-tiny_udp-aic-coco_210e-256x192-cbed682d_20230130.pth 

backbone.stage3.1.main_conv.bn.weight - torch.Size([96]): 
PretrainedInit: load from https://download.openmmlab.com/mmpose/v1/projects/rtmposev1/cspnext-tiny_udp-aic-coco_210e-256x192-cbed682d_20230130.pth 

backbone.stage3.1.main_conv.bn.bias - torch.Size([96]): 
PretrainedInit: load from https://download.openmmlab.com/mmpose/v1/projects/rtmposev1/cspnext-tiny_udp-aic-coco_210e-256x192-cbed682d_20230130.pth 

backbone.stage3.1.short_conv.conv.weight - torch.Size([96, 192, 1, 1]): 
PretrainedInit: load from https://download.openmmlab.com/mmpose/v1/projects/rtmposev1/cspnext-tiny_udp-aic-coco_210e-256x192-cbed682d_20230130.pth 

backbone.stage3.1.short_conv.bn.weight - torch.Size([96]): 
PretrainedInit: load from https://download.openmmlab.com/mmpose/v1/projects/rtmposev1/cspnext-tiny_udp-aic-coco_210e-256x192-cbed682d_20230130.pth 

backbone.stage3.1.short_conv.bn.bias - torch.Size([96]): 
PretrainedInit: load from https://download.openmmlab.com/mmpose/v1/projects/rtmposev1/cspnext-tiny_udp-aic-coco_210e-256x192-cbed682d_20230130.pth 

backbone.stage3.1.final_conv.conv.weight - torch.Size([192, 192, 1, 1]): 
PretrainedInit: load from https://download.openmmlab.com/mmpose/v1/projects/rtmposev1/cspnext-tiny_udp-aic-coco_210e-256x192-cbed682d_20230130.pth 

backbone.stage3.1.final_conv.bn.weight - torch.Size([192]): 
PretrainedInit: load from https://download.openmmlab.com/mmpose/v1/projects/rtmposev1/cspnext-tiny_udp-aic-coco_210e-256x192-cbed682d_20230130.pth 

backbone.stage3.1.final_conv.bn.bias - torch.Size([192]): 
PretrainedInit: load from https://download.openmmlab.com/mmpose/v1/projects/rtmposev1/cspnext-tiny_udp-aic-coco_210e-256x192-cbed682d_20230130.pth 

backbone.stage3.1.blocks.0.conv1.conv.weight - torch.Size([96, 96, 3, 3]): 
PretrainedInit: load from https://download.openmmlab.com/mmpose/v1/projects/rtmposev1/cspnext-tiny_udp-aic-coco_210e-256x192-cbed682d_20230130.pth 

backbone.stage3.1.blocks.0.conv1.bn.weight - torch.Size([96]): 
PretrainedInit: load from https://download.openmmlab.com/mmpose/v1/projects/rtmposev1/cspnext-tiny_udp-aic-coco_210e-256x192-cbed682d_20230130.pth 

backbone.stage3.1.blocks.0.conv1.bn.bias - torch.Size([96]): 
PretrainedInit: load from https://download.openmmlab.com/mmpose/v1/projects/rtmposev1/cspnext-tiny_udp-aic-coco_210e-256x192-cbed682d_20230130.pth 

backbone.stage3.1.blocks.0.conv2.depthwise_conv.conv.weight - torch.Size([96, 1, 5, 5]): 
PretrainedInit: load from https://download.openmmlab.com/mmpose/v1/projects/rtmposev1/cspnext-tiny_udp-aic-coco_210e-256x192-cbed682d_20230130.pth 

backbone.stage3.1.blocks.0.conv2.depthwise_conv.bn.weight - torch.Size([96]): 
PretrainedInit: load from https://download.openmmlab.com/mmpose/v1/projects/rtmposev1/cspnext-tiny_udp-aic-coco_210e-256x192-cbed682d_20230130.pth 

backbone.stage3.1.blocks.0.conv2.depthwise_conv.bn.bias - torch.Size([96]): 
PretrainedInit: load from https://download.openmmlab.com/mmpose/v1/projects/rtmposev1/cspnext-tiny_udp-aic-coco_210e-256x192-cbed682d_20230130.pth 

backbone.stage3.1.blocks.0.conv2.pointwise_conv.conv.weight - torch.Size([96, 96, 1, 1]): 
PretrainedInit: load from https://download.openmmlab.com/mmpose/v1/projects/rtmposev1/cspnext-tiny_udp-aic-coco_210e-256x192-cbed682d_20230130.pth 

backbone.stage3.1.blocks.0.conv2.pointwise_conv.bn.weight - torch.Size([96]): 
PretrainedInit: load from https://download.openmmlab.com/mmpose/v1/projects/rtmposev1/cspnext-tiny_udp-aic-coco_210e-256x192-cbed682d_20230130.pth 

backbone.stage3.1.blocks.0.conv2.pointwise_conv.bn.bias - torch.Size([96]): 
PretrainedInit: load from https://download.openmmlab.com/mmpose/v1/projects/rtmposev1/cspnext-tiny_udp-aic-coco_210e-256x192-cbed682d_20230130.pth 

backbone.stage3.1.attention.fc.weight - torch.Size([192, 192, 1, 1]): 
PretrainedInit: load from https://download.openmmlab.com/mmpose/v1/projects/rtmposev1/cspnext-tiny_udp-aic-coco_210e-256x192-cbed682d_20230130.pth 

backbone.stage3.1.attention.fc.bias - torch.Size([192]): 
PretrainedInit: load from https://download.openmmlab.com/mmpose/v1/projects/rtmposev1/cspnext-tiny_udp-aic-coco_210e-256x192-cbed682d_20230130.pth 

backbone.stage4.0.conv.weight - torch.Size([384, 192, 3, 3]): 
PretrainedInit: load from https://download.openmmlab.com/mmpose/v1/projects/rtmposev1/cspnext-tiny_udp-aic-coco_210e-256x192-cbed682d_20230130.pth 

backbone.stage4.0.bn.weight - torch.Size([384]): 
PretrainedInit: load from https://download.openmmlab.com/mmpose/v1/projects/rtmposev1/cspnext-tiny_udp-aic-coco_210e-256x192-cbed682d_20230130.pth 

backbone.stage4.0.bn.bias - torch.Size([384]): 
PretrainedInit: load from https://download.openmmlab.com/mmpose/v1/projects/rtmposev1/cspnext-tiny_udp-aic-coco_210e-256x192-cbed682d_20230130.pth 

backbone.stage4.1.conv1.conv.weight - torch.Size([192, 384, 1, 1]): 
PretrainedInit: load from https://download.openmmlab.com/mmpose/v1/projects/rtmposev1/cspnext-tiny_udp-aic-coco_210e-256x192-cbed682d_20230130.pth 

backbone.stage4.1.conv1.bn.weight - torch.Size([192]): 
PretrainedInit: load from https://download.openmmlab.com/mmpose/v1/projects/rtmposev1/cspnext-tiny_udp-aic-coco_210e-256x192-cbed682d_20230130.pth 

backbone.stage4.1.conv1.bn.bias - torch.Size([192]): 
PretrainedInit: load from https://download.openmmlab.com/mmpose/v1/projects/rtmposev1/cspnext-tiny_udp-aic-coco_210e-256x192-cbed682d_20230130.pth 

backbone.stage4.1.conv2.conv.weight - torch.Size([384, 768, 1, 1]): 
PretrainedInit: load from https://download.openmmlab.com/mmpose/v1/projects/rtmposev1/cspnext-tiny_udp-aic-coco_210e-256x192-cbed682d_20230130.pth 

backbone.stage4.1.conv2.bn.weight - torch.Size([384]): 
PretrainedInit: load from https://download.openmmlab.com/mmpose/v1/projects/rtmposev1/cspnext-tiny_udp-aic-coco_210e-256x192-cbed682d_20230130.pth 

backbone.stage4.1.conv2.bn.bias - torch.Size([384]): 
PretrainedInit: load from https://download.openmmlab.com/mmpose/v1/projects/rtmposev1/cspnext-tiny_udp-aic-coco_210e-256x192-cbed682d_20230130.pth 

backbone.stage4.2.main_conv.conv.weight - torch.Size([192, 384, 1, 1]): 
PretrainedInit: load from https://download.openmmlab.com/mmpose/v1/projects/rtmposev1/cspnext-tiny_udp-aic-coco_210e-256x192-cbed682d_20230130.pth 

backbone.stage4.2.main_conv.bn.weight - torch.Size([192]): 
PretrainedInit: load from https://download.openmmlab.com/mmpose/v1/projects/rtmposev1/cspnext-tiny_udp-aic-coco_210e-256x192-cbed682d_20230130.pth 

backbone.stage4.2.main_conv.bn.bias - torch.Size([192]): 
PretrainedInit: load from https://download.openmmlab.com/mmpose/v1/projects/rtmposev1/cspnext-tiny_udp-aic-coco_210e-256x192-cbed682d_20230130.pth 

backbone.stage4.2.short_conv.conv.weight - torch.Size([192, 384, 1, 1]): 
PretrainedInit: load from https://download.openmmlab.com/mmpose/v1/projects/rtmposev1/cspnext-tiny_udp-aic-coco_210e-256x192-cbed682d_20230130.pth 

backbone.stage4.2.short_conv.bn.weight - torch.Size([192]): 
PretrainedInit: load from https://download.openmmlab.com/mmpose/v1/projects/rtmposev1/cspnext-tiny_udp-aic-coco_210e-256x192-cbed682d_20230130.pth 

backbone.stage4.2.short_conv.bn.bias - torch.Size([192]): 
PretrainedInit: load from https://download.openmmlab.com/mmpose/v1/projects/rtmposev1/cspnext-tiny_udp-aic-coco_210e-256x192-cbed682d_20230130.pth 

backbone.stage4.2.final_conv.conv.weight - torch.Size([384, 384, 1, 1]): 
PretrainedInit: load from https://download.openmmlab.com/mmpose/v1/projects/rtmposev1/cspnext-tiny_udp-aic-coco_210e-256x192-cbed682d_20230130.pth 

backbone.stage4.2.final_conv.bn.weight - torch.Size([384]): 
PretrainedInit: load from https://download.openmmlab.com/mmpose/v1/projects/rtmposev1/cspnext-tiny_udp-aic-coco_210e-256x192-cbed682d_20230130.pth 

backbone.stage4.2.final_conv.bn.bias - torch.Size([384]): 
PretrainedInit: load from https://download.openmmlab.com/mmpose/v1/projects/rtmposev1/cspnext-tiny_udp-aic-coco_210e-256x192-cbed682d_20230130.pth 

backbone.stage4.2.blocks.0.conv1.conv.weight - torch.Size([192, 192, 3, 3]): 
PretrainedInit: load from https://download.openmmlab.com/mmpose/v1/projects/rtmposev1/cspnext-tiny_udp-aic-coco_210e-256x192-cbed682d_20230130.pth 

backbone.stage4.2.blocks.0.conv1.bn.weight - torch.Size([192]): 
PretrainedInit: load from https://download.openmmlab.com/mmpose/v1/projects/rtmposev1/cspnext-tiny_udp-aic-coco_210e-256x192-cbed682d_20230130.pth 

backbone.stage4.2.blocks.0.conv1.bn.bias - torch.Size([192]): 
PretrainedInit: load from https://download.openmmlab.com/mmpose/v1/projects/rtmposev1/cspnext-tiny_udp-aic-coco_210e-256x192-cbed682d_20230130.pth 

backbone.stage4.2.blocks.0.conv2.depthwise_conv.conv.weight - torch.Size([192, 1, 5, 5]): 
PretrainedInit: load from https://download.openmmlab.com/mmpose/v1/projects/rtmposev1/cspnext-tiny_udp-aic-coco_210e-256x192-cbed682d_20230130.pth 

backbone.stage4.2.blocks.0.conv2.depthwise_conv.bn.weight - torch.Size([192]): 
PretrainedInit: load from https://download.openmmlab.com/mmpose/v1/projects/rtmposev1/cspnext-tiny_udp-aic-coco_210e-256x192-cbed682d_20230130.pth 

backbone.stage4.2.blocks.0.conv2.depthwise_conv.bn.bias - torch.Size([192]): 
PretrainedInit: load from https://download.openmmlab.com/mmpose/v1/projects/rtmposev1/cspnext-tiny_udp-aic-coco_210e-256x192-cbed682d_20230130.pth 

backbone.stage4.2.blocks.0.conv2.pointwise_conv.conv.weight - torch.Size([192, 192, 1, 1]): 
PretrainedInit: load from https://download.openmmlab.com/mmpose/v1/projects/rtmposev1/cspnext-tiny_udp-aic-coco_210e-256x192-cbed682d_20230130.pth 

backbone.stage4.2.blocks.0.conv2.pointwise_conv.bn.weight - torch.Size([192]): 
PretrainedInit: load from https://download.openmmlab.com/mmpose/v1/projects/rtmposev1/cspnext-tiny_udp-aic-coco_210e-256x192-cbed682d_20230130.pth 

backbone.stage4.2.blocks.0.conv2.pointwise_conv.bn.bias - torch.Size([192]): 
PretrainedInit: load from https://download.openmmlab.com/mmpose/v1/projects/rtmposev1/cspnext-tiny_udp-aic-coco_210e-256x192-cbed682d_20230130.pth 

backbone.stage4.2.attention.fc.weight - torch.Size([384, 384, 1, 1]): 
PretrainedInit: load from https://download.openmmlab.com/mmpose/v1/projects/rtmposev1/cspnext-tiny_udp-aic-coco_210e-256x192-cbed682d_20230130.pth 

backbone.stage4.2.attention.fc.bias - torch.Size([384]): 
PretrainedInit: load from https://download.openmmlab.com/mmpose/v1/projects/rtmposev1/cspnext-tiny_udp-aic-coco_210e-256x192-cbed682d_20230130.pth 

head.final_layer.weight - torch.Size([17, 384, 7, 7]): 
NormalInit: mean=0, std=0.001, bias=0 

head.final_layer.bias - torch.Size([17]): 
NormalInit: mean=0, std=0.001, bias=0 

head.mlp.0.g - torch.Size([1]): 
The value is the same before and after calling `init_weights` of TopdownPoseEstimator  

head.mlp.1.weight - torch.Size([256, 48]): 
NormalInit: mean=0, std=0.01, bias=0 

head.gau.gamma - torch.Size([2, 128]): 
The value is the same before and after calling `init_weights` of TopdownPoseEstimator  

head.gau.beta - torch.Size([2, 128]): 
The value is the same before and after calling `init_weights` of TopdownPoseEstimator  

head.gau.o.weight - torch.Size([256, 512]): 
NormalInit: mean=0, std=0.01, bias=0 

head.gau.uv.weight - torch.Size([1152, 256]): 
NormalInit: mean=0, std=0.01, bias=0 

head.gau.ln.g - torch.Size([1]): 
The value is the same before and after calling `init_weights` of TopdownPoseEstimator  

head.gau.res_scale.scale - torch.Size([256]): 
The value is the same before and after calling `init_weights` of TopdownPoseEstimator  

head.cls_x.weight - torch.Size([384, 256]): 
NormalInit: mean=0, std=0.01, bias=0 

head.cls_y.weight - torch.Size([512, 256]): 
NormalInit: mean=0, std=0.01, bias=0 
2026/03/23 18:47:38 - mmengine - WARNING - "FileClient" will be deprecated in future. Please use io functions in https://mmengine.readthedocs.io/en/latest/api/fileio.html#file-io
2026/03/23 18:47:38 - mmengine - WARNING - "HardDiskBackend" is the alias of "LocalBackend" and the former will be deprecated in future.
2026/03/23 18:47:38 - mmengine - INFO - Checkpoints will be saved to /home/tvem/anime/AniPose/work_dirs/anime_rtmpose_tiny.
2026/03/23 18:47:41 - mmengine - INFO - Epoch(train)  [1][10/39]  base_lr: 9.509018e-06 lr: 9.509018e-06  eta: 0:07:30  time: 0.388072  data_time: 0.131642  memory: 289  loss: 0.000502  loss_kpt: 0.000502  acc_pose: 0.000000
2026/03/23 18:47:44 - mmengine - INFO - Epoch(train)  [1][20/39]  base_lr: 1.951904e-05 lr: 1.951904e-05  eta: 0:06:10  time: 0.322153  data_time: 0.129056  memory: 289  loss: 0.000451  loss_kpt: 0.000451  acc_pose: 0.007353
2026/03/23 18:47:47 - mmengine - INFO - Epoch(train)  [1][30/39]  base_lr: 2.952906e-05 lr: 2.952906e-05  eta: 0:05:55  time: 0.311538  data_time: 0.136137  memory: 289  loss: 0.000406  loss_kpt: 0.000406  acc_pose: 0.007353
2026/03/23 18:47:49 - mmengine - INFO - Exp name: rtmpose-t_8xb256-420e_coco-256x192_20260323_184732
2026/03/23 18:47:53 - mmengine - INFO - Epoch(train)  [2][10/39]  base_lr: 4.854810e-05 lr: 4.854810e-05  eta: 0:05:43  time: 0.306160  data_time: 0.154495  memory: 289  loss: 0.000339  loss_kpt: 0.000339  acc_pose: 0.022059
2026/03/23 18:47:54 - mmengine - INFO - Epoch(train)  [2][20/39]  base_lr: 5.855812e-05 lr: 5.855812e-05  eta: 0:05:16  time: 0.262173  data_time: 0.148044  memory: 289  loss: 0.000288  loss_kpt: 0.000288  acc_pose: 0.014706
2026/03/23 18:47:56 - mmengine - INFO - Epoch(train)  [2][30/39]  base_lr: 6.856814e-05 lr: 6.856814e-05  eta: 0:04:55  time: 0.244082  data_time: 0.139458  memory: 289  loss: 0.000251  loss_kpt: 0.000251  acc_pose: 0.048529
2026/03/23 18:47:57 - mmengine - INFO - Exp name: rtmpose-t_8xb256-420e_coco-256x192_20260323_184732
2026/03/23 18:47:59 - mmengine - INFO - Epoch(train)  [3][10/39]  base_lr: 8.758717e-05 lr: 8.758717e-05  eta: 0:04:25  time: 0.206926  data_time: 0.121041  memory: 289  loss: 0.000226  loss_kpt: 0.000226  acc_pose: 0.024510
2026/03/23 18:48:01 - mmengine - INFO - Epoch(train)  [3][20/39]  base_lr: 9.759719e-05 lr: 9.759719e-05  eta: 0:04:14  time: 0.168683  data_time: 0.088930  memory: 289  loss: 0.000227  loss_kpt: 0.000227  acc_pose: 0.043417
2026/03/23 18:48:03 - mmengine - INFO - Epoch(train)  [3][30/39]  base_lr: 1.076072e-04 lr: 1.076072e-04  eta: 0:04:07  time: 0.167874  data_time: 0.087623  memory: 289  loss: 0.000224  loss_kpt: 0.000224  acc_pose: 0.034314
2026/03/23 18:48:04 - mmengine - INFO - Exp name: rtmpose-t_8xb256-420e_coco-256x192_20260323_184732
2026/03/23 18:48:06 - mmengine - INFO - Epoch(train)  [4][10/39]  base_lr: 1.266263e-04 lr: 1.266263e-04  eta: 0:03:54  time: 0.178585  data_time: 0.095317  memory: 289  loss: 0.000217  loss_kpt: 0.000217  acc_pose: 0.023109
2026/03/23 18:48:08 - mmengine - INFO - Epoch(train)  [4][20/39]  base_lr: 1.366363e-04 lr: 1.366363e-04  eta: 0:03:47  time: 0.172925  data_time: 0.089845  memory: 289  loss: 0.000218  loss_kpt: 0.000218  acc_pose: 0.029972
2026/03/23 18:48:10 - mmengine - INFO - Epoch(train)  [4][30/39]  base_lr: 1.466463e-04 lr: 1.466463e-04  eta: 0:03:42  time: 0.176113  data_time: 0.094774  memory: 289  loss: 0.000216  loss_kpt: 0.000216  acc_pose: 0.069328
2026/03/23 18:48:11 - mmengine - INFO - Exp name: rtmpose-t_8xb256-420e_coco-256x192_20260323_184732
2026/03/23 18:48:13 - mmengine - INFO - Epoch(train)  [5][10/39]  base_lr: 1.656653e-04 lr: 1.656653e-04  eta: 0:03:32  time: 0.177798  data_time: 0.096260  memory: 289  loss: 0.000212  loss_kpt: 0.000212  acc_pose: 0.087955
2026/03/23 18:48:14 - mmengine - INFO - Epoch(train)  [5][20/39]  base_lr: 1.756754e-04 lr: 1.756754e-04  eta: 0:03:27  time: 0.166894  data_time: 0.084855  memory: 289  loss: 0.000213  loss_kpt: 0.000213  acc_pose: 0.087185
2026/03/23 18:48:16 - mmengine - INFO - Epoch(train)  [5][30/39]  base_lr: 1.856854e-04 lr: 1.856854e-04  eta: 0:03:21  time: 0.163217  data_time: 0.080822  memory: 289  loss: 0.000211  loss_kpt: 0.000211  acc_pose: 0.101891
2026/03/23 18:48:17 - mmengine - INFO - Exp name: rtmpose-t_8xb256-420e_coco-256x192_20260323_184732
2026/03/23 18:48:17 - mmengine - INFO - Saving checkpoint at 5 epochs
2026/03/23 18:48:18 - mmengine - INFO - Evaluating CocoMetric...
2026/03/23 18:48:18 - mmengine - INFO - Epoch(val) [5][7/7]    coco/AP: 0.077711  coco/AP .5: 0.536304  coco/AP .75: 0.000000  coco/AP (M): -1.000000  coco/AP (L): 0.077711  coco/AR: 0.120370  coco/AR .5: 0.648148  coco/AR .75: 0.000000  coco/AR (M): -1.000000  coco/AR (L): 0.120370  data_time: 0.118115  time: 0.140869
2026/03/23 18:48:19 - mmengine - INFO - The best checkpoint with 0.0777 coco/AP at 5 epoch is saved to best_coco_AP_epoch_5.pth.
2026/03/23 18:48:22 - mmengine - INFO - Epoch(train)  [6][10/39]  base_lr: 2.047044e-04 lr: 2.047044e-04  eta: 0:03:14  time: 0.168717  data_time: 0.085752  memory: 289  loss: 0.000205  loss_kpt: 0.000205  acc_pose: 0.164076
2026/03/23 18:48:23 - mmengine - INFO - Epoch(train)  [6][20/39]  base_lr: 2.147144e-04 lr: 2.147144e-04  eta: 0:03:10  time: 0.157201  data_time: 0.078954  memory: 289  loss: 0.000204  loss_kpt: 0.000204  acc_pose: 0.173319
2026/03/23 18:48:25 - mmengine - INFO - Epoch(train)  [6][30/39]  base_lr: 2.247244e-04 lr: 2.247244e-04  eta: 0:03:07  time: 0.159998  data_time: 0.084733  memory: 289  loss: 0.000202  loss_kpt: 0.000202  acc_pose: 0.265756
2026/03/23 18:48:27 - mmengine - INFO - Exp name: rtmpose-t_8xb256-420e_coco-256x192_20260323_184732
2026/03/23 18:48:29 - mmengine - INFO - Epoch(train)  [7][10/39]  base_lr: 2.437435e-04 lr: 2.437435e-04  eta: 0:03:03  time: 0.181200  data_time: 0.099438  memory: 289  loss: 0.000194  loss_kpt: 0.000194  acc_pose: 0.310574
2026/03/23 18:48:30 - mmengine - INFO - Epoch(train)  [7][20/39]  base_lr: 2.537535e-04 lr: 2.537535e-04  eta: 0:03:00  time: 0.175217  data_time: 0.092483  memory: 289  loss: 0.000194  loss_kpt: 0.000194  acc_pose: 0.206933
2026/03/23 18:48:32 - mmengine - INFO - Epoch(train)  [7][30/39]  base_lr: 2.637635e-04 lr: 2.637635e-04  eta: 0:02:56  time: 0.175151  data_time: 0.088296  memory: 289  loss: 0.000192  loss_kpt: 0.000192  acc_pose: 0.339286
2026/03/23 18:48:33 - mmengine - INFO - Exp name: rtmpose-t_8xb256-420e_coco-256x192_20260323_184732
2026/03/23 18:48:35 - mmengine - INFO - Epoch(train)  [8][10/39]  base_lr: 2.827826e-04 lr: 2.827826e-04  eta: 0:02:51  time: 0.168367  data_time: 0.080960  memory: 289  loss: 0.000184  loss_kpt: 0.000184  acc_pose: 0.465686
2026/03/23 18:48:37 - mmengine - INFO - Epoch(train)  [8][20/39]  base_lr: 2.927926e-04 lr: 2.927926e-04  eta: 0:02:47  time: 0.159054  data_time: 0.071388  memory: 289  loss: 0.000186  loss_kpt: 0.000186  acc_pose: 0.281863
2026/03/23 18:48:38 - mmengine - INFO - Epoch(train)  [8][30/39]  base_lr: 3.028026e-04 lr: 3.028026e-04  eta: 0:02:45  time: 0.159544  data_time: 0.072973  memory: 289  loss: 0.000183  loss_kpt: 0.000183  acc_pose: 0.346779
2026/03/23 18:48:39 - mmengine - INFO - Exp name: rtmpose-t_8xb256-420e_coco-256x192_20260323_184732
2026/03/23 18:48:42 - mmengine - INFO - Epoch(train)  [9][10/39]  base_lr: 3.218216e-04 lr: 3.218216e-04  eta: 0:02:40  time: 0.167858  data_time: 0.083870  memory: 289  loss: 0.000175  loss_kpt: 0.000175  acc_pose: 0.465686
2026/03/23 18:48:43 - mmengine - INFO - Epoch(train)  [9][20/39]  base_lr: 3.318317e-04 lr: 3.318317e-04  eta: 0:02:37  time: 0.162855  data_time: 0.077099  memory: 289  loss: 0.000177  loss_kpt: 0.000177  acc_pose: 0.548529
2026/03/23 18:48:45 - mmengine - INFO - Epoch(train)  [9][30/39]  base_lr: 3.418417e-04 lr: 3.418417e-04  eta: 0:02:35  time: 0.165666  data_time: 0.079885  memory: 289  loss: 0.000176  loss_kpt: 0.000176  acc_pose: 0.375350
2026/03/23 18:48:46 - mmengine - INFO - Exp name: rtmpose-t_8xb256-420e_coco-256x192_20260323_184732
2026/03/23 18:48:48 - mmengine - INFO - Epoch(train) [10][10/39]  base_lr: 3.608607e-04 lr: 3.608607e-04  eta: 0:02:31  time: 0.173562  data_time: 0.090042  memory: 289  loss: 0.000172  loss_kpt: 0.000172  acc_pose: 0.452381
2026/03/23 18:48:49 - mmengine - INFO - Epoch(train) [10][20/39]  base_lr: 3.708707e-04 lr: 3.708707e-04  eta: 0:02:28  time: 0.163780  data_time: 0.078948  memory: 289  loss: 0.000174  loss_kpt: 0.000174  acc_pose: 0.440686
2026/03/23 18:48:51 - mmengine - INFO - Epoch(train) [10][30/39]  base_lr: 3.808808e-04 lr: 3.808808e-04  eta: 0:02:26  time: 0.165892  data_time: 0.082162  memory: 289  loss: 0.000173  loss_kpt: 0.000173  acc_pose: 0.365546
2026/03/23 18:48:52 - mmengine - INFO - Exp name: rtmpose-t_8xb256-420e_coco-256x192_20260323_184732
2026/03/23 18:48:52 - mmengine - INFO - Saving checkpoint at 10 epochs
2026/03/23 18:48:54 - mmengine - INFO - Evaluating CocoMetric...
2026/03/23 18:48:54 - mmengine - INFO - Epoch(val) [10][7/7]    coco/AP: 0.497619  coco/AP .5: 0.900594  coco/AP .75: 0.508445  coco/AP (M): -1.000000  coco/AP (L): 0.497619  coco/AR: 0.516667  coco/AR .5: 0.907407  coco/AR .75: 0.555556  coco/AR (M): -1.000000  coco/AR (L): 0.516667  data_time: 0.070184  time: 0.102913
2026/03/23 18:48:54 - mmengine - INFO - The previous best checkpoint /home/tvem/anime/AniPose/work_dirs/anime_rtmpose_tiny/best_coco_AP_epoch_5.pth is removed
2026/03/23 18:48:54 - mmengine - INFO - The best checkpoint with 0.4976 coco/AP at 10 epoch is saved to best_coco_AP_epoch_10.pth.
2026/03/23 18:48:57 - mmengine - INFO - Epoch(train) [11][10/39]  base_lr: 3.998998e-04 lr: 3.998998e-04  eta: 0:02:22  time: 0.171592  data_time: 0.091608  memory: 289  loss: 0.000169  loss_kpt: 0.000169  acc_pose: 0.493697
2026/03/23 18:48:59 - mmengine - INFO - Epoch(train) [11][20/39]  base_lr: 4.099098e-04 lr: 4.099098e-04  eta: 0:02:19  time: 0.159089  data_time: 0.078581  memory: 289  loss: 0.000171  loss_kpt: 0.000171  acc_pose: 0.612045
2026/03/23 18:49:00 - mmengine - INFO - Epoch(train) [11][30/39]  base_lr: 4.199198e-04 lr: 4.199198e-04  eta: 0:02:17  time: 0.163176  data_time: 0.082903  memory: 289  loss: 0.000170  loss_kpt: 0.000170  acc_pose: 0.487395
2026/03/23 18:49:02 - mmengine - INFO - Exp name: rtmpose-t_8xb256-420e_coco-256x192_20260323_184732
2026/03/23 18:49:03 - mmengine - INFO - Epoch(train) [12][10/39]  base_lr: 4.389389e-04 lr: 4.389389e-04  eta: 0:02:13  time: 0.167228  data_time: 0.087220  memory: 289  loss: 0.000165  loss_kpt: 0.000165  acc_pose: 0.688725
2026/03/23 18:49:05 - mmengine - INFO - Epoch(train) [12][20/39]  base_lr: 4.489489e-04 lr: 4.489489e-04  eta: 0:02:11  time: 0.160438  data_time: 0.077200  memory: 289  loss: 0.000166  loss_kpt: 0.000166  acc_pose: 0.472899
2026/03/23 18:49:07 - mmengine - INFO - Epoch(train) [12][30/39]  base_lr: 4.589589e-04 lr: 4.589589e-04  eta: 0:02:09  time: 0.160489  data_time: 0.077321  memory: 289  loss: 0.000163  loss_kpt: 0.000163  acc_pose: 0.435574
2026/03/23 18:49:08 - mmengine - INFO - Exp name: rtmpose-t_8xb256-420e_coco-256x192_20260323_184732
2026/03/23 18:49:10 - mmengine - INFO - Epoch(train) [13][10/39]  base_lr: 4.779780e-04 lr: 4.779780e-04  eta: 0:02:05  time: 0.167978  data_time: 0.087404  memory: 289  loss: 0.000158  loss_kpt: 0.000158  acc_pose: 0.538235
2026/03/23 18:49:11 - mmengine - INFO - Epoch(train) [13][20/39]  base_lr: 4.879880e-04 lr: 4.879880e-04  eta: 0:02:03  time: 0.161798  data_time: 0.080004  memory: 289  loss: 0.000160  loss_kpt: 0.000160  acc_pose: 0.593137
2026/03/23 18:49:13 - mmengine - INFO - Epoch(train) [13][30/39]  base_lr: 4.979980e-04 lr: 4.979980e-04  eta: 0:02:00  time: 0.158765  data_time: 0.077181  memory: 289  loss: 0.000160  loss_kpt: 0.000160  acc_pose: 0.660364
2026/03/23 18:49:14 - mmengine - INFO - Exp name: rtmpose-t_8xb256-420e_coco-256x192_20260323_184732
2026/03/23 18:49:16 - mmengine - INFO - Epoch(train) [14][10/39]  base_lr: 5.000000e-04 lr: 5.000000e-04  eta: 0:01:57  time: 0.166992  data_time: 0.087333  memory: 289  loss: 0.000155  loss_kpt: 0.000155  acc_pose: 0.572479
2026/03/23 18:49:18 - mmengine - INFO - Epoch(train) [14][20/39]  base_lr: 5.000000e-04 lr: 5.000000e-04  eta: 0:01:55  time: 0.157913  data_time: 0.077194  memory: 289  loss: 0.000157  loss_kpt: 0.000157  acc_pose: 0.593347
2026/03/23 18:49:19 - mmengine - INFO - Epoch(train) [14][30/39]  base_lr: 5.000000e-04 lr: 5.000000e-04  eta: 0:01:53  time: 0.157915  data_time: 0.077010  memory: 289  loss: 0.000157  loss_kpt: 0.000157  acc_pose: 0.569678
2026/03/23 18:49:20 - mmengine - INFO - Exp name: rtmpose-t_8xb256-420e_coco-256x192_20260323_184732
2026/03/23 18:49:22 - mmengine - INFO - Epoch(train) [15][10/39]  base_lr: 5.000000e-04 lr: 5.000000e-04  eta: 0:01:49  time: 0.164032  data_time: 0.082534  memory: 289  loss: 0.000154  loss_kpt: 0.000154  acc_pose: 0.629202
2026/03/23 18:49:24 - mmengine - INFO - Epoch(train) [15][20/39]  base_lr: 5.000000e-04 lr: 5.000000e-04  eta: 0:01:47  time: 0.155021  data_time: 0.071903  memory: 289  loss: 0.000156  loss_kpt: 0.000156  acc_pose: 0.677801
2026/03/23 18:49:25 - mmengine - INFO - Epoch(train) [15][30/39]  base_lr: 5.000000e-04 lr: 5.000000e-04  eta: 0:01:45  time: 0.159482  data_time: 0.076796  memory: 289  loss: 0.000155  loss_kpt: 0.000155  acc_pose: 0.751050
2026/03/23 18:49:26 - mmengine - INFO - Exp name: rtmpose-t_8xb256-420e_coco-256x192_20260323_184732
2026/03/23 18:49:26 - mmengine - INFO - Saving checkpoint at 15 epochs
2026/03/23 18:49:28 - mmengine - INFO - Evaluating CocoMetric...
2026/03/23 18:49:28 - mmengine - INFO - Epoch(val) [15][7/7]    coco/AP: 0.604684  coco/AP .5: 0.960396  coco/AP .75: 0.700193  coco/AP (M): -1.000000  coco/AP (L): 0.604684  coco/AR: 0.622222  coco/AR .5: 0.962963  coco/AR .75: 0.722222  coco/AR (M): -1.000000  coco/AR (L): 0.622222  data_time: 0.087076  time: 0.106096
2026/03/23 18:49:28 - mmengine - INFO - The previous best checkpoint /home/tvem/anime/AniPose/work_dirs/anime_rtmpose_tiny/best_coco_AP_epoch_10.pth is removed
2026/03/23 18:49:29 - mmengine - INFO - The best checkpoint with 0.6047 coco/AP at 15 epoch is saved to best_coco_AP_epoch_15.pth.
2026/03/23 18:49:31 - mmengine - INFO - Epoch(train) [16][10/39]  base_lr: 5.000000e-04 lr: 5.000000e-04  eta: 0:01:41  time: 0.163964  data_time: 0.080138  memory: 289  loss: 0.000150  loss_kpt: 0.000150  acc_pose: 0.676681
2026/03/23 18:49:33 - mmengine - INFO - Epoch(train) [16][20/39]  base_lr: 5.000000e-04 lr: 5.000000e-04  eta: 0:01:39  time: 0.159549  data_time: 0.073956  memory: 289  loss: 0.000151  loss_kpt: 0.000151  acc_pose: 0.754202
2026/03/23 18:49:34 - mmengine - INFO - Epoch(train) [16][30/39]  base_lr: 5.000000e-04 lr: 5.000000e-04  eta: 0:01:37  time: 0.157567  data_time: 0.072008  memory: 289  loss: 0.000151  loss_kpt: 0.000151  acc_pose: 0.517227
2026/03/23 18:49:35 - mmengine - INFO - Exp name: rtmpose-t_8xb256-420e_coco-256x192_20260323_184732
2026/03/23 18:49:37 - mmengine - INFO - Epoch(train) [17][10/39]  base_lr: 5.000000e-04 lr: 5.000000e-04  eta: 0:01:34  time: 0.164879  data_time: 0.076889  memory: 289  loss: 0.000147  loss_kpt: 0.000147  acc_pose: 0.643838
2026/03/23 18:49:39 - mmengine - INFO - Epoch(train) [17][20/39]  base_lr: 5.000000e-04 lr: 5.000000e-04  eta: 0:01:32  time: 0.159551  data_time: 0.070082  memory: 289  loss: 0.000148  loss_kpt: 0.000148  acc_pose: 0.671289
2026/03/23 18:49:41 - mmengine - INFO - Epoch(train) [17][30/39]  base_lr: 5.000000e-04 lr: 5.000000e-04  eta: 0:01:30  time: 0.158669  data_time: 0.070540  memory: 289  loss: 0.000148  loss_kpt: 0.000148  acc_pose: 0.656653
2026/03/23 18:49:42 - mmengine - INFO - Exp name: rtmpose-t_8xb256-420e_coco-256x192_20260323_184732
2026/03/23 18:49:44 - mmengine - INFO - Epoch(train) [18][10/39]  base_lr: 5.000000e-04 lr: 5.000000e-04  eta: 0:01:26  time: 0.167112  data_time: 0.082901  memory: 289  loss: 0.000144  loss_kpt: 0.000144  acc_pose: 0.771218
2026/03/23 18:49:45 - mmengine - INFO - Epoch(train) [18][20/39]  base_lr: 5.000000e-04 lr: 5.000000e-04  eta: 0:01:24  time: 0.157158  data_time: 0.072921  memory: 289  loss: 0.000146  loss_kpt: 0.000146  acc_pose: 0.614846
2026/03/23 18:49:47 - mmengine - INFO - Epoch(train) [18][30/39]  base_lr: 5.000000e-04 lr: 5.000000e-04  eta: 0:01:23  time: 0.161014  data_time: 0.078005  memory: 289  loss: 0.000146  loss_kpt: 0.000146  acc_pose: 0.743347
2026/03/23 18:49:48 - mmengine - INFO - Exp name: rtmpose-t_8xb256-420e_coco-256x192_20260323_184732
2026/03/23 18:49:50 - mmengine - INFO - Epoch(train) [19][10/39]  base_lr: 5.000000e-04 lr: 5.000000e-04  eta: 0:01:19  time: 0.167394  data_time: 0.084707  memory: 289  loss: 0.000141  loss_kpt: 0.000141  acc_pose: 0.655112
2026/03/23 18:49:52 - mmengine - INFO - Epoch(train) [19][20/39]  base_lr: 5.000000e-04 lr: 5.000000e-04  eta: 0:01:17  time: 0.163256  data_time: 0.077318  memory: 289  loss: 0.000140  loss_kpt: 0.000140  acc_pose: 0.808123
2026/03/23 18:49:53 - mmengine - INFO - Epoch(train) [19][30/39]  base_lr: 5.000000e-04 lr: 5.000000e-04  eta: 0:01:16  time: 0.161889  data_time: 0.074730  memory: 289  loss: 0.000138  loss_kpt: 0.000138  acc_pose: 0.759454
2026/03/23 18:49:54 - mmengine - INFO - Exp name: rtmpose-t_8xb256-420e_coco-256x192_20260323_184732
2026/03/23 18:49:56 - mmengine - INFO - Epoch(train) [20][10/39]  base_lr: 5.000000e-04 lr: 5.000000e-04  eta: 0:01:12  time: 0.169129  data_time: 0.081116  memory: 289  loss: 0.000135  loss_kpt: 0.000135  acc_pose: 0.604412
2026/03/23 18:49:58 - mmengine - INFO - Epoch(train) [20][20/39]  base_lr: 5.000000e-04 lr: 5.000000e-04  eta: 0:01:10  time: 0.163936  data_time: 0.074648  memory: 289  loss: 0.000136  loss_kpt: 0.000136  acc_pose: 0.771359
2026/03/23 18:49:59 - mmengine - INFO - Epoch(train) [20][30/39]  base_lr: 5.000000e-04 lr: 5.000000e-04  eta: 0:01:09  time: 0.162269  data_time: 0.074446  memory: 289  loss: 0.000138  loss_kpt: 0.000138  acc_pose: 0.639426
2026/03/23 18:50:01 - mmengine - INFO - Exp name: rtmpose-t_8xb256-420e_coco-256x192_20260323_184732
2026/03/23 18:50:01 - mmengine - INFO - Saving checkpoint at 20 epochs
2026/03/23 18:50:02 - mmengine - INFO - Evaluating CocoMetric...
2026/03/23 18:50:02 - mmengine - INFO - Epoch(val) [20][7/7]    coco/AP: 0.617768  coco/AP .5: 0.979465  coco/AP .75: 0.725896  coco/AP (M): -1.000000  coco/AP (L): 0.617768  coco/AR: 0.640741  coco/AR .5: 0.981481  coco/AR .75: 0.740741  coco/AR (M): -1.000000  coco/AR (L): 0.640741  data_time: 0.080561  time: 0.105584
2026/03/23 18:50:02 - mmengine - INFO - The previous best checkpoint /home/tvem/anime/AniPose/work_dirs/anime_rtmpose_tiny/best_coco_AP_epoch_15.pth is removed
2026/03/23 18:50:03 - mmengine - INFO - The best checkpoint with 0.6178 coco/AP at 20 epoch is saved to best_coco_AP_epoch_20.pth.
2026/03/23 18:50:05 - mmengine - INFO - Epoch(train) [21][10/39]  base_lr: 5.000000e-04 lr: 5.000000e-04  eta: 0:01:05  time: 0.163298  data_time: 0.075592  memory: 289  loss: 0.000135  loss_kpt: 0.000135  acc_pose: 0.835084
2026/03/23 18:50:07 - mmengine - INFO - Epoch(train) [21][20/39]  base_lr: 5.000000e-04 lr: 5.000000e-04  eta: 0:01:03  time: 0.153648  data_time: 0.065601  memory: 289  loss: 0.000138  loss_kpt: 0.000138  acc_pose: 0.760714
2026/03/23 18:50:09 - mmengine - INFO - Epoch(train) [21][30/39]  base_lr: 5.000000e-04 lr: 5.000000e-04  eta: 0:01:02  time: 0.158553  data_time: 0.071110  memory: 289  loss: 0.000137  loss_kpt: 0.000137  acc_pose: 0.716036
2026/03/23 18:50:10 - mmengine - INFO - Exp name: rtmpose-t_8xb256-420e_coco-256x192_20260323_184732
2026/03/23 18:50:12 - mmengine - INFO - Epoch(train) [22][10/39]  base_lr: 5.000000e-05 lr: 5.000000e-05  eta: 0:00:58  time: 0.169167  data_time: 0.086331  memory: 289  loss: 0.000132  loss_kpt: 0.000132  acc_pose: 0.791667
2026/03/23 18:50:13 - mmengine - INFO - Epoch(train) [22][20/39]  base_lr: 5.000000e-05 lr: 5.000000e-05  eta: 0:00:56  time: 0.162171  data_time: 0.078220  memory: 289  loss: 0.000132  loss_kpt: 0.000132  acc_pose: 0.853641
2026/03/23 18:50:15 - mmengine - INFO - Epoch(train) [22][30/39]  base_lr: 5.000000e-05 lr: 5.000000e-05  eta: 0:00:55  time: 0.160011  data_time: 0.077408  memory: 289  loss: 0.000130  loss_kpt: 0.000130  acc_pose: 0.713936
2026/03/23 18:50:16 - mmengine - INFO - Exp name: rtmpose-t_8xb256-420e_coco-256x192_20260323_184732
2026/03/23 18:50:18 - mmengine - INFO - Epoch(train) [23][10/39]  base_lr: 5.000000e-05 lr: 5.000000e-05  eta: 0:00:51  time: 0.164226  data_time: 0.082775  memory: 289  loss: 0.000122  loss_kpt: 0.000122  acc_pose: 0.841387
2026/03/23 18:50:20 - mmengine - INFO - Epoch(train) [23][20/39]  base_lr: 5.000000e-05 lr: 5.000000e-05  eta: 0:00:50  time: 0.157223  data_time: 0.074487  memory: 289  loss: 0.000123  loss_kpt: 0.000123  acc_pose: 0.647759
2026/03/23 18:50:21 - mmengine - INFO - Epoch(train) [23][30/39]  base_lr: 5.000000e-05 lr: 5.000000e-05  eta: 0:00:48  time: 0.156743  data_time: 0.072784  memory: 289  loss: 0.000123  loss_kpt: 0.000123  acc_pose: 0.809874
2026/03/23 18:50:22 - mmengine - INFO - Exp name: rtmpose-t_8xb256-420e_coco-256x192_20260323_184732
2026/03/23 18:50:24 - mmengine - INFO - Epoch(train) [24][10/39]  base_lr: 5.000000e-05 lr: 5.000000e-05  eta: 0:00:45  time: 0.165597  data_time: 0.079255  memory: 289  loss: 0.000121  loss_kpt: 0.000121  acc_pose: 0.740546
2026/03/23 18:50:26 - mmengine - INFO - Epoch(train) [24][20/39]  base_lr: 5.000000e-05 lr: 5.000000e-05  eta: 0:00:43  time: 0.162467  data_time: 0.075578  memory: 289  loss: 0.000124  loss_kpt: 0.000124  acc_pose: 0.754202
2026/03/23 18:50:28 - mmengine - INFO - Epoch(train) [24][30/39]  base_lr: 5.000000e-05 lr: 5.000000e-05  eta: 0:00:41  time: 0.158749  data_time: 0.068791  memory: 289  loss: 0.000123  loss_kpt: 0.000123  acc_pose: 0.724440
2026/03/23 18:50:29 - mmengine - INFO - Exp name: rtmpose-t_8xb256-420e_coco-256x192_20260323_184732
2026/03/23 18:50:31 - mmengine - INFO - Epoch(train) [25][10/39]  base_lr: 5.000000e-05 lr: 5.000000e-05  eta: 0:00:38  time: 0.171854  data_time: 0.087104  memory: 289  loss: 0.000118  loss_kpt: 0.000118  acc_pose: 0.719958
2026/03/23 18:50:32 - mmengine - INFO - Epoch(train) [25][20/39]  base_lr: 5.000000e-05 lr: 5.000000e-05  eta: 0:00:36  time: 0.161526  data_time: 0.077190  memory: 289  loss: 0.000120  loss_kpt: 0.000120  acc_pose: 0.797059
2026/03/23 18:50:34 - mmengine - INFO - Epoch(train) [25][30/39]  base_lr: 5.000000e-05 lr: 5.000000e-05  eta: 0:00:34  time: 0.154213  data_time: 0.071166  memory: 289  loss: 0.000120  loss_kpt: 0.000120  acc_pose: 0.508053
2026/03/23 18:50:35 - mmengine - INFO - Exp name: rtmpose-t_8xb256-420e_coco-256x192_20260323_184732
2026/03/23 18:50:35 - mmengine - INFO - Saving checkpoint at 25 epochs
2026/03/23 18:50:36 - mmengine - INFO - Evaluating CocoMetric...
2026/03/23 18:50:36 - mmengine - INFO - Epoch(val) [25][7/7]    coco/AP: 0.669124  coco/AP .5: 0.979465  coco/AP .75: 0.737116  coco/AP (M): -1.000000  coco/AP (L): 0.669124  coco/AR: 0.679630  coco/AR .5: 0.981481  coco/AR .75: 0.759259  coco/AR (M): -1.000000  coco/AR (L): 0.679630  data_time: 0.086265  time: 0.109586
2026/03/23 18:50:36 - mmengine - INFO - The previous best checkpoint /home/tvem/anime/AniPose/work_dirs/anime_rtmpose_tiny/best_coco_AP_epoch_20.pth is removed
2026/03/23 18:50:37 - mmengine - INFO - The best checkpoint with 0.6691 coco/AP at 25 epoch is saved to best_coco_AP_epoch_25.pth.
2026/03/23 18:50:39 - mmengine - INFO - Epoch(train) [26][10/39]  base_lr: 5.000000e-05 lr: 5.000000e-05  eta: 0:00:31  time: 0.162687  data_time: 0.081653  memory: 289  loss: 0.000119  loss_kpt: 0.000119  acc_pose: 0.752801
2026/03/23 18:50:41 - mmengine - INFO - Epoch(train) [26][20/39]  base_lr: 5.000000e-05 lr: 5.000000e-05  eta: 0:00:29  time: 0.155247  data_time: 0.073307  memory: 289  loss: 0.000121  loss_kpt: 0.000121  acc_pose: 0.840546
2026/03/23 18:50:42 - mmengine - INFO - Exp name: rtmpose-t_8xb256-420e_coco-256x192_20260323_184732
2026/03/23 18:50:43 - mmengine - INFO - Epoch(train) [26][30/39]  base_lr: 5.000000e-05 lr: 5.000000e-05  eta: 0:00:28  time: 0.163334  data_time: 0.085655  memory: 289  loss: 0.000119  loss_kpt: 0.000119  acc_pose: 0.846569
2026/03/23 18:50:44 - mmengine - INFO - Exp name: rtmpose-t_8xb256-420e_coco-256x192_20260323_184732
2026/03/23 18:50:46 - mmengine - INFO - Epoch(train) [27][10/39]  base_lr: 5.000000e-05 lr: 5.000000e-05  eta: 0:00:24  time: 0.172585  data_time: 0.096703  memory: 289  loss: 0.000117  loss_kpt: 0.000117  acc_pose: 0.753501
2026/03/23 18:50:47 - mmengine - INFO - Epoch(train) [27][20/39]  base_lr: 5.000000e-05 lr: 5.000000e-05  eta: 0:00:23  time: 0.161377  data_time: 0.084916  memory: 289  loss: 0.000117  loss_kpt: 0.000117  acc_pose: 0.673389
2026/03/23 18:50:49 - mmengine - INFO - Epoch(train) [27][30/39]  base_lr: 5.000000e-05 lr: 5.000000e-05  eta: 0:00:21  time: 0.159895  data_time: 0.082806  memory: 289  loss: 0.000117  loss_kpt: 0.000117  acc_pose: 0.734594
2026/03/23 18:50:50 - mmengine - INFO - Exp name: rtmpose-t_8xb256-420e_coco-256x192_20260323_184732
2026/03/23 18:50:52 - mmengine - INFO - Epoch(train) [28][10/39]  base_lr: 5.000000e-06 lr: 5.000000e-06  eta: 0:00:18  time: 0.166850  data_time: 0.083896  memory: 289  loss: 0.000115  loss_kpt: 0.000115  acc_pose: 0.879552
2026/03/23 18:50:54 - mmengine - INFO - Epoch(train) [28][20/39]  base_lr: 5.000000e-06 lr: 5.000000e-06  eta: 0:00:16  time: 0.156289  data_time: 0.070722  memory: 289  loss: 0.000116  loss_kpt: 0.000116  acc_pose: 0.798319
2026/03/23 18:50:55 - mmengine - INFO - Epoch(train) [28][30/39]  base_lr: 5.000000e-06 lr: 5.000000e-06  eta: 0:00:14  time: 0.161744  data_time: 0.075572  memory: 289  loss: 0.000116  loss_kpt: 0.000116  acc_pose: 0.827381
2026/03/23 18:50:56 - mmengine - INFO - Exp name: rtmpose-t_8xb256-420e_coco-256x192_20260323_184732
2026/03/23 18:50:59 - mmengine - INFO - Epoch(train) [29][10/39]  base_lr: 5.000000e-06 lr: 5.000000e-06  eta: 0:00:11  time: 0.168746  data_time: 0.084186  memory: 289  loss: 0.000116  loss_kpt: 0.000116  acc_pose: 0.811275
2026/03/23 18:51:00 - mmengine - INFO - Epoch(train) [29][20/39]  base_lr: 5.000000e-06 lr: 5.000000e-06  eta: 0:00:09  time: 0.156594  data_time: 0.070336  memory: 289  loss: 0.000117  loss_kpt: 0.000117  acc_pose: 0.806863
2026/03/23 18:51:02 - mmengine - INFO - Epoch(train) [29][30/39]  base_lr: 5.000000e-06 lr: 5.000000e-06  eta: 0:00:08  time: 0.160145  data_time: 0.075752  memory: 289  loss: 0.000117  loss_kpt: 0.000117  acc_pose: 0.807353
2026/03/23 18:51:03 - mmengine - INFO - Exp name: rtmpose-t_8xb256-420e_coco-256x192_20260323_184732
2026/03/23 18:51:05 - mmengine - INFO - Epoch(train) [30][10/39]  base_lr: 5.000000e-06 lr: 5.000000e-06  eta: 0:00:04  time: 0.167541  data_time: 0.085327  memory: 289  loss: 0.000114  loss_kpt: 0.000114  acc_pose: 0.743627
2026/03/23 18:51:06 - mmengine - INFO - Epoch(train) [30][20/39]  base_lr: 5.000000e-06 lr: 5.000000e-06  eta: 0:00:03  time: 0.158316  data_time: 0.075813  memory: 289  loss: 0.000115  loss_kpt: 0.000115  acc_pose: 0.816527
2026/03/23 18:51:08 - mmengine - INFO - Epoch(train) [30][30/39]  base_lr: 5.000000e-06 lr: 5.000000e-06  eta: 0:00:01  time: 0.166123  data_time: 0.086155  memory: 289  loss: 0.000116  loss_kpt: 0.000116  acc_pose: 0.792507
2026/03/23 18:51:09 - mmengine - INFO - Exp name: rtmpose-t_8xb256-420e_coco-256x192_20260323_184732
2026/03/23 18:51:09 - mmengine - INFO - Saving checkpoint at 30 epochs
2026/03/23 18:51:11 - mmengine - INFO - Evaluating CocoMetric...
2026/03/23 18:51:11 - mmengine - INFO - Epoch(val) [30][7/7]    coco/AP: 0.691888  coco/AP .5: 1.000000  coco/AP .75: 0.739730  coco/AP (M): -1.000000  coco/AP (L): 0.691888  coco/AR: 0.701852  coco/AR .5: 1.000000  coco/AR .75: 0.759259  coco/AR (M): -1.000000  coco/AR (L): 0.701852  data_time: 0.072732  time: 0.103491
2026/03/23 18:51:11 - mmengine - INFO - The previous best checkpoint /home/tvem/anime/AniPose/work_dirs/anime_rtmpose_tiny/best_coco_AP_epoch_25.pth is removed
2026/03/23 18:51:11 - mmengine - INFO - The best checkpoint with 0.6919 coco/AP at 30 epoch is saved to best_coco_AP_epoch_30.pth.
