2026/03/25 03:46:49 - mmengine - INFO - 
------------------------------------------------------------
System environment:
    sys.platform: linux
    Python: 3.8.4 | packaged by conda-forge | (default, Jul 17 2020, 15:16:46) [GCC 7.5.0]
    CUDA available: True
    MUSA available: False
    numpy_random_seed: 21
    GPU 0: NVIDIA GeForce RTX 2080 Ti
    CUDA_HOME: /usr
    NVCC: Cuda compilation tools, release 12.0, V12.0.140
    GCC: gcc (Ubuntu 13.3.0-6ubuntu2~24.04.1) 13.3.0
    PyTorch: 2.4.1+cu121
    PyTorch compiling details: PyTorch built with:
  - GCC 9.3
  - C++ Version: 201703
  - Intel(R) oneAPI Math Kernel Library Version 2022.2-Product Build 20220804 for Intel(R) 64 architecture applications
  - Intel(R) MKL-DNN v3.4.2 (Git Hash 1137e04ec0b5251ca2b4400a4fd3c667ce843d67)
  - OpenMP 201511 (a.k.a. OpenMP 4.5)
  - LAPACK is enabled (usually provided by MKL)
  - NNPACK is enabled
  - CPU capability usage: AVX2
  - CUDA Runtime 12.1
  - NVCC architecture flags: -gencode;arch=compute_50,code=sm_50;-gencode;arch=compute_60,code=sm_60;-gencode;arch=compute_70,code=sm_70;-gencode;arch=compute_75,code=sm_75;-gencode;arch=compute_80,code=sm_80;-gencode;arch=compute_86,code=sm_86;-gencode;arch=compute_90,code=sm_90
  - CuDNN 90.1  (built against CUDA 12.4)
  - Magma 2.6.1
  - Build settings: BLAS_INFO=mkl, BUILD_TYPE=Release, CUDA_VERSION=12.1, CUDNN_VERSION=9.1.0, CXX_COMPILER=/opt/rh/devtoolset-9/root/usr/bin/c++, CXX_FLAGS= -D_GLIBCXX_USE_CXX11_ABI=0 -fabi-version=11 -fvisibility-inlines-hidden -DUSE_PTHREADPOOL -DNDEBUG -DUSE_KINETO -DLIBKINETO_NOROCTRACER -DUSE_FBGEMM -DUSE_PYTORCH_QNNPACK -DUSE_XNNPACK -DSYMBOLICATE_MOBILE_DEBUG_HANDLE -O2 -fPIC -Wall -Wextra -Werror=return-type -Werror=non-virtual-dtor -Werror=bool-operation -Wnarrowing -Wno-missing-field-initializers -Wno-type-limits -Wno-array-bounds -Wno-unknown-pragmas -Wno-unused-parameter -Wno-unused-function -Wno-unused-result -Wno-strict-overflow -Wno-strict-aliasing -Wno-stringop-overflow -Wsuggest-override -Wno-psabi -Wno-error=pedantic -Wno-error=old-style-cast -Wno-missing-braces -fdiagnostics-color=always -faligned-new -Wno-unused-but-set-variable -Wno-maybe-uninitialized -fno-math-errno -fno-trapping-math -Werror=format -Wno-stringop-overflow, LAPACK_INFO=mkl, PERF_WITH_AVX=1, PERF_WITH_AVX2=1, PERF_WITH_AVX512=1, TORCH_VERSION=2.4.1, USE_CUDA=ON, USE_CUDNN=ON, USE_CUSPARSELT=1, USE_EXCEPTION_PTR=1, USE_GFLAGS=OFF, USE_GLOG=OFF, USE_GLOO=ON, USE_MKL=ON, USE_MKLDNN=ON, USE_MPI=OFF, USE_NCCL=1, USE_NNPACK=ON, USE_OPENMP=ON, USE_ROCM=OFF, USE_ROCM_KERNEL_ASSERT=OFF, 

    TorchVision: 0.19.1+cu121
    OpenCV: 4.13.0
    MMEngine: 0.10.7

Runtime environment:
    cudnn_benchmark: False
    mp_cfg: {'mp_start_method': 'fork', 'opencv_num_threads': 0}
    dist_cfg: {'backend': 'nccl'}
    seed: 21
    Distributed launcher: none
    Distributed training: False
    GPU number: 1
------------------------------------------------------------

2026/03/25 03:46:49 - mmengine - INFO - Config:
auto_scale_lr = dict(base_batch_size=1024)
backend_args = dict(backend='local')
base_lr = 0.004
codec = dict(
    input_size=(
        192,
        256,
    ),
    normalize=False,
    sigma=(
        4.9,
        5.66,
    ),
    simcc_split_ratio=2.0,
    type='SimCCLabel',
    use_dark=False)
custom_hooks = [
    dict(
        switch_epoch=390,
        switch_pipeline=[
            dict(backend_args=dict(backend='local'), type='LoadImage'),
            dict(type='GetBBoxCenterScale'),
            dict(direction='horizontal', type='RandomFlip'),
            dict(type='RandomHalfBody'),
            dict(
                rotate_factor=60,
                scale_factor=[
                    0.75,
                    1.25,
                ],
                shift_factor=0.0,
                type='RandomBBoxTransform'),
            dict(input_size=(
                192,
                256,
            ), type='TopdownAffine'),
            dict(type='mmdet.YOLOXHSVRandomAug'),
            dict(
                transforms=[
                    dict(p=0.1, type='Blur'),
                    dict(p=0.1, type='MedianBlur'),
                    dict(
                        max_height=0.4,
                        max_holes=1,
                        max_width=0.4,
                        min_height=0.2,
                        min_holes=1,
                        min_width=0.2,
                        p=0.5,
                        type='CoarseDropout'),
                ],
                type='Albumentation'),
            dict(
                encoder=dict(
                    input_size=(
                        192,
                        256,
                    ),
                    normalize=False,
                    sigma=(
                        4.9,
                        5.66,
                    ),
                    simcc_split_ratio=2.0,
                    type='SimCCLabel',
                    use_dark=False),
                type='GenerateTarget'),
            dict(type='PackPoseInputs'),
        ],
        type='mmdet.PipelineSwitchHook'),
]
data_mode = 'topdown'
data_root = '/home/tvem/anime/AniPose/68 model'
dataset_type = 'CocoDataset'
default_hooks = dict(
    checkpoint=dict(
        interval=5,
        max_keep_ckpts=3,
        rule='greater',
        save_best='coco/AP',
        type='CheckpointHook'),
    logger=dict(interval=10, type='LoggerHook'),
    param_scheduler=dict(type='ParamSchedulerHook'),
    sampler_seed=dict(type='DistSamplerSeedHook'),
    timer=dict(type='IterTimerHook'))
default_scope = 'mmpose'
env_cfg = dict(
    cudnn_benchmark=False,
    dist_cfg=dict(backend='nccl'),
    mp_cfg=dict(mp_start_method='fork', opencv_num_threads=0))
load_from = None
log_level = 'INFO'
log_processor = dict(
    by_epoch=True, num_digits=6, type='LogProcessor', window_size=50)
max_epochs = 420
model = dict(
    backbone=dict(
        _scope_='mmdet',
        act_cfg=dict(type='SiLU'),
        arch='P5',
        channel_attention=True,
        deepen_factor=0.167,
        expand_ratio=0.5,
        init_cfg=dict(
            checkpoint=
            'https://download.openmmlab.com/mmpose/v1/projects/rtmposev1/cspnext-tiny_udp-aic-coco_210e-256x192-cbed682d_20230130.pth',
            prefix='backbone.',
            type='Pretrained'),
        norm_cfg=dict(type='SyncBN'),
        out_indices=(4, ),
        type='CSPNeXt',
        widen_factor=0.375),
    data_preprocessor=dict(
        bgr_to_rgb=True,
        mean=[
            123.675,
            116.28,
            103.53,
        ],
        std=[
            58.395,
            57.12,
            57.375,
        ],
        type='PoseDataPreprocessor'),
    head=dict(
        decoder=dict(
            input_size=(
                192,
                256,
            ),
            sigma=6.0,
            simcc_split_ratio=2.0,
            smoothing_type='gaussian',
            type='SimCCLabel'),
        final_layer_kernel_size=7,
        gau_cfg=dict(
            act_fn='SiLU',
            drop_path=0.0,
            dropout_rate=0.0,
            expansion_factor=2,
            hidden_dims=256,
            pos_enc=False,
            s=128,
            use_rel_bias=False),
        in_channels=384,
        in_featuremap_size=(
            6,
            8,
        ),
        input_size=(
            192,
            256,
        ),
        loss=dict(
            beta=10.0,
            label_softmax=True,
            type='KLDiscretLoss',
            use_target_weight=True),
        out_channels=17,
        simcc_split_ratio=2.0,
        type='RTMCCHead'),
    test_cfg=dict(flip_test=True),
    type='TopdownPoseEstimator')
optim_wrapper = dict(
    optimizer=dict(
        betas=(
            0.9,
            0.999,
        ), lr=0.0005, type='AdamW', weight_decay=0.01),
    paramwise_cfg=dict(
        bias_decay_mult=0, bypass_duplicate=True, norm_decay_mult=0),
    type='OptimWrapper')
param_scheduler = [
    dict(
        begin=0, by_epoch=False, end=500, start_factor=0.001, type='LinearLR'),
    dict(gamma=0.1, milestones=[
        21,
        27,
    ], type='MultiStepLR'),
]
randomness = dict(seed=21)
resume = False
stage2_num_epochs = 30
test_cfg = dict()
test_dataloader = dict(
    batch_size=8,
    dataset=dict(
        ann_file='/home/tvem/anime/AniPose/anime_coco_val.json',
        data_prefix=dict(img=''),
        data_root='/home/tvem/anime/AniPose/68 model',
        metainfo=dict(
            from_file=
            '/home/tvem/anime/AniPose/mmpose/configs/_base_/datasets/coco.py'),
        pipeline=[
            dict(file_client_args=dict(backend='disk'), type='LoadImage'),
            dict(type='GetBBoxCenterScale'),
            dict(input_size=(
                192,
                256,
            ), type='TopdownAffine', use_udp=True),
            dict(type='PackPoseInputs'),
        ],
        test_mode=True,
        type='CocoDataset'),
    num_workers=4,
    persistent_workers=True,
    sampler=dict(shuffle=False, type='DefaultSampler'))
test_evaluator = dict(
    ann_file='/home/tvem/anime/AniPose/anime_coco_val.json',
    nms_mode='none',
    score_mode='keypoint',
    type='CocoMetric')
train_cfg = dict(max_epochs=30, type='EpochBasedTrainLoop', val_interval=5)
train_dataloader = dict(
    batch_size=8,
    dataset=dict(
        ann_file='/home/tvem/anime/AniPose/anime_coco_train.json',
        data_prefix=dict(img=''),
        data_root='/home/tvem/anime/AniPose/68 model',
        metainfo=dict(
            from_file=
            '/home/tvem/anime/AniPose/mmpose/configs/_base_/datasets/coco.py'),
        pipeline=[
            dict(file_client_args=dict(backend='disk'), type='LoadImage'),
            dict(type='GetBBoxCenterScale'),
            dict(direction='horizontal', prob=0.5, type='RandomFlip'),
            dict(
                scale_factor=[
                    0.75,
                    1.25,
                ],
                shift_factor=0.1,
                type='RandomBBoxTransform'),
            dict(input_size=(
                192,
                256,
            ), type='TopdownAffine', use_udp=True),
            dict(
                encoder=dict(
                    input_size=(
                        192,
                        256,
                    ),
                    label_smooth_weight=0.0,
                    sigma=6.0,
                    simcc_split_ratio=2.0,
                    smoothing_type='gaussian',
                    type='SimCCLabel'),
                type='GenerateTarget'),
            dict(type='PackPoseInputs'),
        ],
        type='CocoDataset'),
    num_workers=4,
    persistent_workers=True,
    sampler=dict(shuffle=True, type='DefaultSampler'))
train_pipeline = [
    dict(backend_args=dict(backend='local'), type='LoadImage'),
    dict(type='GetBBoxCenterScale'),
    dict(direction='horizontal', type='RandomFlip'),
    dict(type='RandomHalfBody'),
    dict(
        rotate_factor=80,
        scale_factor=[
            0.6,
            1.4,
        ],
        type='RandomBBoxTransform'),
    dict(input_size=(
        192,
        256,
    ), type='TopdownAffine'),
    dict(type='mmdet.YOLOXHSVRandomAug'),
    dict(
        transforms=[
            dict(p=0.1, type='Blur'),
            dict(p=0.1, type='MedianBlur'),
            dict(
                max_height=0.4,
                max_holes=1,
                max_width=0.4,
                min_height=0.2,
                min_holes=1,
                min_width=0.2,
                p=1.0,
                type='CoarseDropout'),
        ],
        type='Albumentation'),
    dict(
        encoder=dict(
            input_size=(
                192,
                256,
            ),
            normalize=False,
            sigma=(
                4.9,
                5.66,
            ),
            simcc_split_ratio=2.0,
            type='SimCCLabel',
            use_dark=False),
        type='GenerateTarget'),
    dict(type='PackPoseInputs'),
]
train_pipeline_stage2 = [
    dict(backend_args=dict(backend='local'), type='LoadImage'),
    dict(type='GetBBoxCenterScale'),
    dict(direction='horizontal', type='RandomFlip'),
    dict(type='RandomHalfBody'),
    dict(
        rotate_factor=60,
        scale_factor=[
            0.75,
            1.25,
        ],
        shift_factor=0.0,
        type='RandomBBoxTransform'),
    dict(input_size=(
        192,
        256,
    ), type='TopdownAffine'),
    dict(type='mmdet.YOLOXHSVRandomAug'),
    dict(
        transforms=[
            dict(p=0.1, type='Blur'),
            dict(p=0.1, type='MedianBlur'),
            dict(
                max_height=0.4,
                max_holes=1,
                max_width=0.4,
                min_height=0.2,
                min_holes=1,
                min_width=0.2,
                p=0.5,
                type='CoarseDropout'),
        ],
        type='Albumentation'),
    dict(
        encoder=dict(
            input_size=(
                192,
                256,
            ),
            normalize=False,
            sigma=(
                4.9,
                5.66,
            ),
            simcc_split_ratio=2.0,
            type='SimCCLabel',
            use_dark=False),
        type='GenerateTarget'),
    dict(type='PackPoseInputs'),
]
val_cfg = dict()
val_dataloader = dict(
    batch_size=8,
    dataset=dict(
        ann_file='/home/tvem/anime/AniPose/anime_coco_val.json',
        data_prefix=dict(img=''),
        data_root='/home/tvem/anime/AniPose/68 model',
        metainfo=dict(
            from_file=
            '/home/tvem/anime/AniPose/mmpose/configs/_base_/datasets/coco.py'),
        pipeline=[
            dict(file_client_args=dict(backend='disk'), type='LoadImage'),
            dict(type='GetBBoxCenterScale'),
            dict(input_size=(
                192,
                256,
            ), type='TopdownAffine', use_udp=True),
            dict(type='PackPoseInputs'),
        ],
        test_mode=True,
        type='CocoDataset'),
    num_workers=4,
    persistent_workers=True,
    sampler=dict(shuffle=False, type='DefaultSampler'))
val_evaluator = dict(
    ann_file='/home/tvem/anime/AniPose/anime_coco_val.json',
    nms_mode='none',
    score_mode='keypoint',
    type='CocoMetric')
val_pipeline = [
    dict(backend_args=dict(backend='local'), type='LoadImage'),
    dict(type='GetBBoxCenterScale'),
    dict(input_size=(
        192,
        256,
    ), type='TopdownAffine'),
    dict(type='PackPoseInputs'),
]
vis_backends = [
    dict(type='LocalVisBackend'),
]
visualizer = dict(
    name='visualizer',
    type='PoseLocalVisualizer',
    vis_backends=[
        dict(type='LocalVisBackend'),
    ])
work_dir = './work_dirs/anime_rtmpose_tiny'

2026/03/25 03:46:50 - mmengine - INFO - Distributed training is not used, all SyncBatchNorm (SyncBN) layers in the model will be automatically reverted to BatchNormXd layers if they are used.
2026/03/25 03:46:50 - mmengine - INFO - Hooks will be executed in the following order:
before_run:
(VERY_HIGH   ) RuntimeInfoHook                    
(BELOW_NORMAL) LoggerHook                         
 -------------------- 
before_train:
(VERY_HIGH   ) RuntimeInfoHook                    
(NORMAL      ) IterTimerHook                      
(VERY_LOW    ) CheckpointHook                     
 -------------------- 
before_train_epoch:
(VERY_HIGH   ) RuntimeInfoHook                    
(NORMAL      ) IterTimerHook                      
(NORMAL      ) DistSamplerSeedHook                
(NORMAL      ) PipelineSwitchHook                 
 -------------------- 
before_train_iter:
(VERY_HIGH   ) RuntimeInfoHook                    
(NORMAL      ) IterTimerHook                      
 -------------------- 
after_train_iter:
(VERY_HIGH   ) RuntimeInfoHook                    
(NORMAL      ) IterTimerHook                      
(BELOW_NORMAL) LoggerHook                         
(LOW         ) ParamSchedulerHook                 
(VERY_LOW    ) CheckpointHook                     
 -------------------- 
after_train_epoch:
(NORMAL      ) IterTimerHook                      
(LOW         ) ParamSchedulerHook                 
(VERY_LOW    ) CheckpointHook                     
 -------------------- 
before_val:
(VERY_HIGH   ) RuntimeInfoHook                    
 -------------------- 
before_val_epoch:
(NORMAL      ) IterTimerHook                      
 -------------------- 
before_val_iter:
(NORMAL      ) IterTimerHook                      
 -------------------- 
after_val_iter:
(NORMAL      ) IterTimerHook                      
(BELOW_NORMAL) LoggerHook                         
 -------------------- 
after_val_epoch:
(VERY_HIGH   ) RuntimeInfoHook                    
(NORMAL      ) IterTimerHook                      
(BELOW_NORMAL) LoggerHook                         
(LOW         ) ParamSchedulerHook                 
(VERY_LOW    ) CheckpointHook                     
 -------------------- 
after_val:
(VERY_HIGH   ) RuntimeInfoHook                    
 -------------------- 
after_train:
(VERY_HIGH   ) RuntimeInfoHook                    
(VERY_LOW    ) CheckpointHook                     
 -------------------- 
before_test:
(VERY_HIGH   ) RuntimeInfoHook                    
 -------------------- 
before_test_epoch:
(NORMAL      ) IterTimerHook                      
 -------------------- 
before_test_iter:
(NORMAL      ) IterTimerHook                      
 -------------------- 
after_test_iter:
(NORMAL      ) IterTimerHook                      
(BELOW_NORMAL) LoggerHook                         
 -------------------- 
after_test_epoch:
(VERY_HIGH   ) RuntimeInfoHook                    
(NORMAL      ) IterTimerHook                      
(BELOW_NORMAL) LoggerHook                         
 -------------------- 
after_test:
(VERY_HIGH   ) RuntimeInfoHook                    
 -------------------- 
after_run:
(BELOW_NORMAL) LoggerHook                         
 -------------------- 
2026/03/25 03:46:51 - mmengine - INFO - paramwise_options -- backbone.stem.0.bn.weight:weight_decay=0.0
2026/03/25 03:46:51 - mmengine - INFO - paramwise_options -- backbone.stem.0.bn.bias:weight_decay=0.0
2026/03/25 03:46:51 - mmengine - INFO - paramwise_options -- backbone.stem.1.bn.weight:weight_decay=0.0
2026/03/25 03:46:51 - mmengine - INFO - paramwise_options -- backbone.stem.1.bn.bias:weight_decay=0.0
2026/03/25 03:46:51 - mmengine - INFO - paramwise_options -- backbone.stem.2.bn.weight:weight_decay=0.0
2026/03/25 03:46:51 - mmengine - INFO - paramwise_options -- backbone.stem.2.bn.bias:weight_decay=0.0
2026/03/25 03:46:51 - mmengine - INFO - paramwise_options -- backbone.stage1.0.bn.weight:weight_decay=0.0
2026/03/25 03:46:51 - mmengine - INFO - paramwise_options -- backbone.stage1.0.bn.bias:weight_decay=0.0
2026/03/25 03:46:51 - mmengine - INFO - paramwise_options -- backbone.stage1.1.main_conv.bn.weight:weight_decay=0.0
2026/03/25 03:46:51 - mmengine - INFO - paramwise_options -- backbone.stage1.1.main_conv.bn.bias:weight_decay=0.0
2026/03/25 03:46:51 - mmengine - INFO - paramwise_options -- backbone.stage1.1.short_conv.bn.weight:weight_decay=0.0
2026/03/25 03:46:51 - mmengine - INFO - paramwise_options -- backbone.stage1.1.short_conv.bn.bias:weight_decay=0.0
2026/03/25 03:46:51 - mmengine - INFO - paramwise_options -- backbone.stage1.1.final_conv.bn.weight:weight_decay=0.0
2026/03/25 03:46:51 - mmengine - INFO - paramwise_options -- backbone.stage1.1.final_conv.bn.bias:weight_decay=0.0
2026/03/25 03:46:51 - mmengine - INFO - paramwise_options -- backbone.stage1.1.blocks.0.conv1.bn.weight:weight_decay=0.0
2026/03/25 03:46:51 - mmengine - INFO - paramwise_options -- backbone.stage1.1.blocks.0.conv1.bn.bias:weight_decay=0.0
2026/03/25 03:46:51 - mmengine - INFO - paramwise_options -- backbone.stage1.1.blocks.0.conv2.depthwise_conv.bn.weight:weight_decay=0.0
2026/03/25 03:46:51 - mmengine - INFO - paramwise_options -- backbone.stage1.1.blocks.0.conv2.depthwise_conv.bn.bias:weight_decay=0.0
2026/03/25 03:46:51 - mmengine - INFO - paramwise_options -- backbone.stage1.1.blocks.0.conv2.pointwise_conv.bn.weight:weight_decay=0.0
2026/03/25 03:46:51 - mmengine - INFO - paramwise_options -- backbone.stage1.1.blocks.0.conv2.pointwise_conv.bn.bias:weight_decay=0.0
2026/03/25 03:46:51 - mmengine - INFO - paramwise_options -- backbone.stage1.1.attention.fc.bias:weight_decay=0.0
2026/03/25 03:46:51 - mmengine - INFO - paramwise_options -- backbone.stage2.0.bn.weight:weight_decay=0.0
2026/03/25 03:46:51 - mmengine - INFO - paramwise_options -- backbone.stage2.0.bn.bias:weight_decay=0.0
2026/03/25 03:46:51 - mmengine - INFO - paramwise_options -- backbone.stage2.1.main_conv.bn.weight:weight_decay=0.0
2026/03/25 03:46:51 - mmengine - INFO - paramwise_options -- backbone.stage2.1.main_conv.bn.bias:weight_decay=0.0
2026/03/25 03:46:51 - mmengine - INFO - paramwise_options -- backbone.stage2.1.short_conv.bn.weight:weight_decay=0.0
2026/03/25 03:46:51 - mmengine - INFO - paramwise_options -- backbone.stage2.1.short_conv.bn.bias:weight_decay=0.0
2026/03/25 03:46:51 - mmengine - INFO - paramwise_options -- backbone.stage2.1.final_conv.bn.weight:weight_decay=0.0
2026/03/25 03:46:51 - mmengine - INFO - paramwise_options -- backbone.stage2.1.final_conv.bn.bias:weight_decay=0.0
2026/03/25 03:46:51 - mmengine - INFO - paramwise_options -- backbone.stage2.1.blocks.0.conv1.bn.weight:weight_decay=0.0
2026/03/25 03:46:51 - mmengine - INFO - paramwise_options -- backbone.stage2.1.blocks.0.conv1.bn.bias:weight_decay=0.0
2026/03/25 03:46:51 - mmengine - INFO - paramwise_options -- backbone.stage2.1.blocks.0.conv2.depthwise_conv.bn.weight:weight_decay=0.0
2026/03/25 03:46:51 - mmengine - INFO - paramwise_options -- backbone.stage2.1.blocks.0.conv2.depthwise_conv.bn.bias:weight_decay=0.0
2026/03/25 03:46:51 - mmengine - INFO - paramwise_options -- backbone.stage2.1.blocks.0.conv2.pointwise_conv.bn.weight:weight_decay=0.0
2026/03/25 03:46:51 - mmengine - INFO - paramwise_options -- backbone.stage2.1.blocks.0.conv2.pointwise_conv.bn.bias:weight_decay=0.0
2026/03/25 03:46:51 - mmengine - INFO - paramwise_options -- backbone.stage2.1.attention.fc.bias:weight_decay=0.0
2026/03/25 03:46:51 - mmengine - INFO - paramwise_options -- backbone.stage3.0.bn.weight:weight_decay=0.0
2026/03/25 03:46:51 - mmengine - INFO - paramwise_options -- backbone.stage3.0.bn.bias:weight_decay=0.0
2026/03/25 03:46:51 - mmengine - INFO - paramwise_options -- backbone.stage3.1.main_conv.bn.weight:weight_decay=0.0
2026/03/25 03:46:51 - mmengine - INFO - paramwise_options -- backbone.stage3.1.main_conv.bn.bias:weight_decay=0.0
2026/03/25 03:46:51 - mmengine - INFO - paramwise_options -- backbone.stage3.1.short_conv.bn.weight:weight_decay=0.0
2026/03/25 03:46:51 - mmengine - INFO - paramwise_options -- backbone.stage3.1.short_conv.bn.bias:weight_decay=0.0
2026/03/25 03:46:51 - mmengine - INFO - paramwise_options -- backbone.stage3.1.final_conv.bn.weight:weight_decay=0.0
2026/03/25 03:46:51 - mmengine - INFO - paramwise_options -- backbone.stage3.1.final_conv.bn.bias:weight_decay=0.0
2026/03/25 03:46:51 - mmengine - INFO - paramwise_options -- backbone.stage3.1.blocks.0.conv1.bn.weight:weight_decay=0.0
2026/03/25 03:46:51 - mmengine - INFO - paramwise_options -- backbone.stage3.1.blocks.0.conv1.bn.bias:weight_decay=0.0
2026/03/25 03:46:51 - mmengine - INFO - paramwise_options -- backbone.stage3.1.blocks.0.conv2.depthwise_conv.bn.weight:weight_decay=0.0
2026/03/25 03:46:51 - mmengine - INFO - paramwise_options -- backbone.stage3.1.blocks.0.conv2.depthwise_conv.bn.bias:weight_decay=0.0
2026/03/25 03:46:51 - mmengine - INFO - paramwise_options -- backbone.stage3.1.blocks.0.conv2.pointwise_conv.bn.weight:weight_decay=0.0
2026/03/25 03:46:51 - mmengine - INFO - paramwise_options -- backbone.stage3.1.blocks.0.conv2.pointwise_conv.bn.bias:weight_decay=0.0
2026/03/25 03:46:51 - mmengine - INFO - paramwise_options -- backbone.stage3.1.attention.fc.bias:weight_decay=0.0
2026/03/25 03:46:51 - mmengine - INFO - paramwise_options -- backbone.stage4.0.bn.weight:weight_decay=0.0
2026/03/25 03:46:51 - mmengine - INFO - paramwise_options -- backbone.stage4.0.bn.bias:weight_decay=0.0
2026/03/25 03:46:51 - mmengine - INFO - paramwise_options -- backbone.stage4.1.conv1.bn.weight:weight_decay=0.0
2026/03/25 03:46:51 - mmengine - INFO - paramwise_options -- backbone.stage4.1.conv1.bn.bias:weight_decay=0.0
2026/03/25 03:46:51 - mmengine - INFO - paramwise_options -- backbone.stage4.1.conv2.bn.weight:weight_decay=0.0
2026/03/25 03:46:51 - mmengine - INFO - paramwise_options -- backbone.stage4.1.conv2.bn.bias:weight_decay=0.0
2026/03/25 03:46:51 - mmengine - INFO - paramwise_options -- backbone.stage4.2.main_conv.bn.weight:weight_decay=0.0
2026/03/25 03:46:51 - mmengine - INFO - paramwise_options -- backbone.stage4.2.main_conv.bn.bias:weight_decay=0.0
2026/03/25 03:46:51 - mmengine - INFO - paramwise_options -- backbone.stage4.2.short_conv.bn.weight:weight_decay=0.0
2026/03/25 03:46:51 - mmengine - INFO - paramwise_options -- backbone.stage4.2.short_conv.bn.bias:weight_decay=0.0
2026/03/25 03:46:51 - mmengine - INFO - paramwise_options -- backbone.stage4.2.final_conv.bn.weight:weight_decay=0.0
2026/03/25 03:46:51 - mmengine - INFO - paramwise_options -- backbone.stage4.2.final_conv.bn.bias:weight_decay=0.0
2026/03/25 03:46:51 - mmengine - INFO - paramwise_options -- backbone.stage4.2.blocks.0.conv1.bn.weight:weight_decay=0.0
2026/03/25 03:46:51 - mmengine - INFO - paramwise_options -- backbone.stage4.2.blocks.0.conv1.bn.bias:weight_decay=0.0
2026/03/25 03:46:51 - mmengine - INFO - paramwise_options -- backbone.stage4.2.blocks.0.conv2.depthwise_conv.bn.weight:weight_decay=0.0
2026/03/25 03:46:51 - mmengine - INFO - paramwise_options -- backbone.stage4.2.blocks.0.conv2.depthwise_conv.bn.bias:weight_decay=0.0
2026/03/25 03:46:51 - mmengine - INFO - paramwise_options -- backbone.stage4.2.blocks.0.conv2.pointwise_conv.bn.weight:weight_decay=0.0
2026/03/25 03:46:51 - mmengine - INFO - paramwise_options -- backbone.stage4.2.blocks.0.conv2.pointwise_conv.bn.bias:weight_decay=0.0
2026/03/25 03:46:51 - mmengine - INFO - paramwise_options -- backbone.stage4.2.attention.fc.bias:weight_decay=0.0
2026/03/25 03:46:51 - mmengine - INFO - paramwise_options -- head.final_layer.bias:weight_decay=0.0
2026/03/25 03:46:52 - mmengine - INFO - load backbone. in model from: https://download.openmmlab.com/mmpose/v1/projects/rtmposev1/cspnext-tiny_udp-aic-coco_210e-256x192-cbed682d_20230130.pth
Name of parameter - Initialization information

backbone.stem.0.conv.weight - torch.Size([12, 3, 3, 3]): 
PretrainedInit: load from https://download.openmmlab.com/mmpose/v1/projects/rtmposev1/cspnext-tiny_udp-aic-coco_210e-256x192-cbed682d_20230130.pth 

backbone.stem.0.bn.weight - torch.Size([12]): 
PretrainedInit: load from https://download.openmmlab.com/mmpose/v1/projects/rtmposev1/cspnext-tiny_udp-aic-coco_210e-256x192-cbed682d_20230130.pth 

backbone.stem.0.bn.bias - torch.Size([12]): 
PretrainedInit: load from https://download.openmmlab.com/mmpose/v1/projects/rtmposev1/cspnext-tiny_udp-aic-coco_210e-256x192-cbed682d_20230130.pth 

backbone.stem.1.conv.weight - torch.Size([12, 12, 3, 3]): 
PretrainedInit: load from https://download.openmmlab.com/mmpose/v1/projects/rtmposev1/cspnext-tiny_udp-aic-coco_210e-256x192-cbed682d_20230130.pth 

backbone.stem.1.bn.weight - torch.Size([12]): 
PretrainedInit: load from https://download.openmmlab.com/mmpose/v1/projects/rtmposev1/cspnext-tiny_udp-aic-coco_210e-256x192-cbed682d_20230130.pth 

backbone.stem.1.bn.bias - torch.Size([12]): 
PretrainedInit: load from https://download.openmmlab.com/mmpose/v1/projects/rtmposev1/cspnext-tiny_udp-aic-coco_210e-256x192-cbed682d_20230130.pth 

backbone.stem.2.conv.weight - torch.Size([24, 12, 3, 3]): 
PretrainedInit: load from https://download.openmmlab.com/mmpose/v1/projects/rtmposev1/cspnext-tiny_udp-aic-coco_210e-256x192-cbed682d_20230130.pth 

backbone.stem.2.bn.weight - torch.Size([24]): 
PretrainedInit: load from https://download.openmmlab.com/mmpose/v1/projects/rtmposev1/cspnext-tiny_udp-aic-coco_210e-256x192-cbed682d_20230130.pth 

backbone.stem.2.bn.bias - torch.Size([24]): 
PretrainedInit: load from https://download.openmmlab.com/mmpose/v1/projects/rtmposev1/cspnext-tiny_udp-aic-coco_210e-256x192-cbed682d_20230130.pth 

backbone.stage1.0.conv.weight - torch.Size([48, 24, 3, 3]): 
PretrainedInit: load from https://download.openmmlab.com/mmpose/v1/projects/rtmposev1/cspnext-tiny_udp-aic-coco_210e-256x192-cbed682d_20230130.pth 

backbone.stage1.0.bn.weight - torch.Size([48]): 
PretrainedInit: load from https://download.openmmlab.com/mmpose/v1/projects/rtmposev1/cspnext-tiny_udp-aic-coco_210e-256x192-cbed682d_20230130.pth 

backbone.stage1.0.bn.bias - torch.Size([48]): 
PretrainedInit: load from https://download.openmmlab.com/mmpose/v1/projects/rtmposev1/cspnext-tiny_udp-aic-coco_210e-256x192-cbed682d_20230130.pth 

backbone.stage1.1.main_conv.conv.weight - torch.Size([24, 48, 1, 1]): 
PretrainedInit: load from https://download.openmmlab.com/mmpose/v1/projects/rtmposev1/cspnext-tiny_udp-aic-coco_210e-256x192-cbed682d_20230130.pth 

backbone.stage1.1.main_conv.bn.weight - torch.Size([24]): 
PretrainedInit: load from https://download.openmmlab.com/mmpose/v1/projects/rtmposev1/cspnext-tiny_udp-aic-coco_210e-256x192-cbed682d_20230130.pth 

backbone.stage1.1.main_conv.bn.bias - torch.Size([24]): 
PretrainedInit: load from https://download.openmmlab.com/mmpose/v1/projects/rtmposev1/cspnext-tiny_udp-aic-coco_210e-256x192-cbed682d_20230130.pth 

backbone.stage1.1.short_conv.conv.weight - torch.Size([24, 48, 1, 1]): 
PretrainedInit: load from https://download.openmmlab.com/mmpose/v1/projects/rtmposev1/cspnext-tiny_udp-aic-coco_210e-256x192-cbed682d_20230130.pth 

backbone.stage1.1.short_conv.bn.weight - torch.Size([24]): 
PretrainedInit: load from https://download.openmmlab.com/mmpose/v1/projects/rtmposev1/cspnext-tiny_udp-aic-coco_210e-256x192-cbed682d_20230130.pth 

backbone.stage1.1.short_conv.bn.bias - torch.Size([24]): 
PretrainedInit: load from https://download.openmmlab.com/mmpose/v1/projects/rtmposev1/cspnext-tiny_udp-aic-coco_210e-256x192-cbed682d_20230130.pth 

backbone.stage1.1.final_conv.conv.weight - torch.Size([48, 48, 1, 1]): 
PretrainedInit: load from https://download.openmmlab.com/mmpose/v1/projects/rtmposev1/cspnext-tiny_udp-aic-coco_210e-256x192-cbed682d_20230130.pth 

backbone.stage1.1.final_conv.bn.weight - torch.Size([48]): 
PretrainedInit: load from https://download.openmmlab.com/mmpose/v1/projects/rtmposev1/cspnext-tiny_udp-aic-coco_210e-256x192-cbed682d_20230130.pth 

backbone.stage1.1.final_conv.bn.bias - torch.Size([48]): 
PretrainedInit: load from https://download.openmmlab.com/mmpose/v1/projects/rtmposev1/cspnext-tiny_udp-aic-coco_210e-256x192-cbed682d_20230130.pth 

backbone.stage1.1.blocks.0.conv1.conv.weight - torch.Size([24, 24, 3, 3]): 
PretrainedInit: load from https://download.openmmlab.com/mmpose/v1/projects/rtmposev1/cspnext-tiny_udp-aic-coco_210e-256x192-cbed682d_20230130.pth 

backbone.stage1.1.blocks.0.conv1.bn.weight - torch.Size([24]): 
PretrainedInit: load from https://download.openmmlab.com/mmpose/v1/projects/rtmposev1/cspnext-tiny_udp-aic-coco_210e-256x192-cbed682d_20230130.pth 

backbone.stage1.1.blocks.0.conv1.bn.bias - torch.Size([24]): 
PretrainedInit: load from https://download.openmmlab.com/mmpose/v1/projects/rtmposev1/cspnext-tiny_udp-aic-coco_210e-256x192-cbed682d_20230130.pth 

backbone.stage1.1.blocks.0.conv2.depthwise_conv.conv.weight - torch.Size([24, 1, 5, 5]): 
PretrainedInit: load from https://download.openmmlab.com/mmpose/v1/projects/rtmposev1/cspnext-tiny_udp-aic-coco_210e-256x192-cbed682d_20230130.pth 

backbone.stage1.1.blocks.0.conv2.depthwise_conv.bn.weight - torch.Size([24]): 
PretrainedInit: load from https://download.openmmlab.com/mmpose/v1/projects/rtmposev1/cspnext-tiny_udp-aic-coco_210e-256x192-cbed682d_20230130.pth 

backbone.stage1.1.blocks.0.conv2.depthwise_conv.bn.bias - torch.Size([24]): 
PretrainedInit: load from https://download.openmmlab.com/mmpose/v1/projects/rtmposev1/cspnext-tiny_udp-aic-coco_210e-256x192-cbed682d_20230130.pth 

backbone.stage1.1.blocks.0.conv2.pointwise_conv.conv.weight - torch.Size([24, 24, 1, 1]): 
PretrainedInit: load from https://download.openmmlab.com/mmpose/v1/projects/rtmposev1/cspnext-tiny_udp-aic-coco_210e-256x192-cbed682d_20230130.pth 

backbone.stage1.1.blocks.0.conv2.pointwise_conv.bn.weight - torch.Size([24]): 
PretrainedInit: load from https://download.openmmlab.com/mmpose/v1/projects/rtmposev1/cspnext-tiny_udp-aic-coco_210e-256x192-cbed682d_20230130.pth 

backbone.stage1.1.blocks.0.conv2.pointwise_conv.bn.bias - torch.Size([24]): 
PretrainedInit: load from https://download.openmmlab.com/mmpose/v1/projects/rtmposev1/cspnext-tiny_udp-aic-coco_210e-256x192-cbed682d_20230130.pth 

backbone.stage1.1.attention.fc.weight - torch.Size([48, 48, 1, 1]): 
PretrainedInit: load from https://download.openmmlab.com/mmpose/v1/projects/rtmposev1/cspnext-tiny_udp-aic-coco_210e-256x192-cbed682d_20230130.pth 

backbone.stage1.1.attention.fc.bias - torch.Size([48]): 
PretrainedInit: load from https://download.openmmlab.com/mmpose/v1/projects/rtmposev1/cspnext-tiny_udp-aic-coco_210e-256x192-cbed682d_20230130.pth 

backbone.stage2.0.conv.weight - torch.Size([96, 48, 3, 3]): 
PretrainedInit: load from https://download.openmmlab.com/mmpose/v1/projects/rtmposev1/cspnext-tiny_udp-aic-coco_210e-256x192-cbed682d_20230130.pth 

backbone.stage2.0.bn.weight - torch.Size([96]): 
PretrainedInit: load from https://download.openmmlab.com/mmpose/v1/projects/rtmposev1/cspnext-tiny_udp-aic-coco_210e-256x192-cbed682d_20230130.pth 

backbone.stage2.0.bn.bias - torch.Size([96]): 
PretrainedInit: load from https://download.openmmlab.com/mmpose/v1/projects/rtmposev1/cspnext-tiny_udp-aic-coco_210e-256x192-cbed682d_20230130.pth 

backbone.stage2.1.main_conv.conv.weight - torch.Size([48, 96, 1, 1]): 
PretrainedInit: load from https://download.openmmlab.com/mmpose/v1/projects/rtmposev1/cspnext-tiny_udp-aic-coco_210e-256x192-cbed682d_20230130.pth 

backbone.stage2.1.main_conv.bn.weight - torch.Size([48]): 
PretrainedInit: load from https://download.openmmlab.com/mmpose/v1/projects/rtmposev1/cspnext-tiny_udp-aic-coco_210e-256x192-cbed682d_20230130.pth 

backbone.stage2.1.main_conv.bn.bias - torch.Size([48]): 
PretrainedInit: load from https://download.openmmlab.com/mmpose/v1/projects/rtmposev1/cspnext-tiny_udp-aic-coco_210e-256x192-cbed682d_20230130.pth 

backbone.stage2.1.short_conv.conv.weight - torch.Size([48, 96, 1, 1]): 
PretrainedInit: load from https://download.openmmlab.com/mmpose/v1/projects/rtmposev1/cspnext-tiny_udp-aic-coco_210e-256x192-cbed682d_20230130.pth 

backbone.stage2.1.short_conv.bn.weight - torch.Size([48]): 
PretrainedInit: load from https://download.openmmlab.com/mmpose/v1/projects/rtmposev1/cspnext-tiny_udp-aic-coco_210e-256x192-cbed682d_20230130.pth 

backbone.stage2.1.short_conv.bn.bias - torch.Size([48]): 
PretrainedInit: load from https://download.openmmlab.com/mmpose/v1/projects/rtmposev1/cspnext-tiny_udp-aic-coco_210e-256x192-cbed682d_20230130.pth 

backbone.stage2.1.final_conv.conv.weight - torch.Size([96, 96, 1, 1]): 
PretrainedInit: load from https://download.openmmlab.com/mmpose/v1/projects/rtmposev1/cspnext-tiny_udp-aic-coco_210e-256x192-cbed682d_20230130.pth 

backbone.stage2.1.final_conv.bn.weight - torch.Size([96]): 
PretrainedInit: load from https://download.openmmlab.com/mmpose/v1/projects/rtmposev1/cspnext-tiny_udp-aic-coco_210e-256x192-cbed682d_20230130.pth 

backbone.stage2.1.final_conv.bn.bias - torch.Size([96]): 
PretrainedInit: load from https://download.openmmlab.com/mmpose/v1/projects/rtmposev1/cspnext-tiny_udp-aic-coco_210e-256x192-cbed682d_20230130.pth 

backbone.stage2.1.blocks.0.conv1.conv.weight - torch.Size([48, 48, 3, 3]): 
PretrainedInit: load from https://download.openmmlab.com/mmpose/v1/projects/rtmposev1/cspnext-tiny_udp-aic-coco_210e-256x192-cbed682d_20230130.pth 

backbone.stage2.1.blocks.0.conv1.bn.weight - torch.Size([48]): 
PretrainedInit: load from https://download.openmmlab.com/mmpose/v1/projects/rtmposev1/cspnext-tiny_udp-aic-coco_210e-256x192-cbed682d_20230130.pth 

backbone.stage2.1.blocks.0.conv1.bn.bias - torch.Size([48]): 
PretrainedInit: load from https://download.openmmlab.com/mmpose/v1/projects/rtmposev1/cspnext-tiny_udp-aic-coco_210e-256x192-cbed682d_20230130.pth 

backbone.stage2.1.blocks.0.conv2.depthwise_conv.conv.weight - torch.Size([48, 1, 5, 5]): 
PretrainedInit: load from https://download.openmmlab.com/mmpose/v1/projects/rtmposev1/cspnext-tiny_udp-aic-coco_210e-256x192-cbed682d_20230130.pth 

backbone.stage2.1.blocks.0.conv2.depthwise_conv.bn.weight - torch.Size([48]): 
PretrainedInit: load from https://download.openmmlab.com/mmpose/v1/projects/rtmposev1/cspnext-tiny_udp-aic-coco_210e-256x192-cbed682d_20230130.pth 

backbone.stage2.1.blocks.0.conv2.depthwise_conv.bn.bias - torch.Size([48]): 
PretrainedInit: load from https://download.openmmlab.com/mmpose/v1/projects/rtmposev1/cspnext-tiny_udp-aic-coco_210e-256x192-cbed682d_20230130.pth 

backbone.stage2.1.blocks.0.conv2.pointwise_conv.conv.weight - torch.Size([48, 48, 1, 1]): 
PretrainedInit: load from https://download.openmmlab.com/mmpose/v1/projects/rtmposev1/cspnext-tiny_udp-aic-coco_210e-256x192-cbed682d_20230130.pth 

backbone.stage2.1.blocks.0.conv2.pointwise_conv.bn.weight - torch.Size([48]): 
PretrainedInit: load from https://download.openmmlab.com/mmpose/v1/projects/rtmposev1/cspnext-tiny_udp-aic-coco_210e-256x192-cbed682d_20230130.pth 

backbone.stage2.1.blocks.0.conv2.pointwise_conv.bn.bias - torch.Size([48]): 
PretrainedInit: load from https://download.openmmlab.com/mmpose/v1/projects/rtmposev1/cspnext-tiny_udp-aic-coco_210e-256x192-cbed682d_20230130.pth 

backbone.stage2.1.attention.fc.weight - torch.Size([96, 96, 1, 1]): 
PretrainedInit: load from https://download.openmmlab.com/mmpose/v1/projects/rtmposev1/cspnext-tiny_udp-aic-coco_210e-256x192-cbed682d_20230130.pth 

backbone.stage2.1.attention.fc.bias - torch.Size([96]): 
PretrainedInit: load from https://download.openmmlab.com/mmpose/v1/projects/rtmposev1/cspnext-tiny_udp-aic-coco_210e-256x192-cbed682d_20230130.pth 

backbone.stage3.0.conv.weight - torch.Size([192, 96, 3, 3]): 
PretrainedInit: load from https://download.openmmlab.com/mmpose/v1/projects/rtmposev1/cspnext-tiny_udp-aic-coco_210e-256x192-cbed682d_20230130.pth 

backbone.stage3.0.bn.weight - torch.Size([192]): 
PretrainedInit: load from https://download.openmmlab.com/mmpose/v1/projects/rtmposev1/cspnext-tiny_udp-aic-coco_210e-256x192-cbed682d_20230130.pth 

backbone.stage3.0.bn.bias - torch.Size([192]): 
PretrainedInit: load from https://download.openmmlab.com/mmpose/v1/projects/rtmposev1/cspnext-tiny_udp-aic-coco_210e-256x192-cbed682d_20230130.pth 

backbone.stage3.1.main_conv.conv.weight - torch.Size([96, 192, 1, 1]): 
PretrainedInit: load from https://download.openmmlab.com/mmpose/v1/projects/rtmposev1/cspnext-tiny_udp-aic-coco_210e-256x192-cbed682d_20230130.pth 

backbone.stage3.1.main_conv.bn.weight - torch.Size([96]): 
PretrainedInit: load from https://download.openmmlab.com/mmpose/v1/projects/rtmposev1/cspnext-tiny_udp-aic-coco_210e-256x192-cbed682d_20230130.pth 

backbone.stage3.1.main_conv.bn.bias - torch.Size([96]): 
PretrainedInit: load from https://download.openmmlab.com/mmpose/v1/projects/rtmposev1/cspnext-tiny_udp-aic-coco_210e-256x192-cbed682d_20230130.pth 

backbone.stage3.1.short_conv.conv.weight - torch.Size([96, 192, 1, 1]): 
PretrainedInit: load from https://download.openmmlab.com/mmpose/v1/projects/rtmposev1/cspnext-tiny_udp-aic-coco_210e-256x192-cbed682d_20230130.pth 

backbone.stage3.1.short_conv.bn.weight - torch.Size([96]): 
PretrainedInit: load from https://download.openmmlab.com/mmpose/v1/projects/rtmposev1/cspnext-tiny_udp-aic-coco_210e-256x192-cbed682d_20230130.pth 

backbone.stage3.1.short_conv.bn.bias - torch.Size([96]): 
PretrainedInit: load from https://download.openmmlab.com/mmpose/v1/projects/rtmposev1/cspnext-tiny_udp-aic-coco_210e-256x192-cbed682d_20230130.pth 

backbone.stage3.1.final_conv.conv.weight - torch.Size([192, 192, 1, 1]): 
PretrainedInit: load from https://download.openmmlab.com/mmpose/v1/projects/rtmposev1/cspnext-tiny_udp-aic-coco_210e-256x192-cbed682d_20230130.pth 

backbone.stage3.1.final_conv.bn.weight - torch.Size([192]): 
PretrainedInit: load from https://download.openmmlab.com/mmpose/v1/projects/rtmposev1/cspnext-tiny_udp-aic-coco_210e-256x192-cbed682d_20230130.pth 

backbone.stage3.1.final_conv.bn.bias - torch.Size([192]): 
PretrainedInit: load from https://download.openmmlab.com/mmpose/v1/projects/rtmposev1/cspnext-tiny_udp-aic-coco_210e-256x192-cbed682d_20230130.pth 

backbone.stage3.1.blocks.0.conv1.conv.weight - torch.Size([96, 96, 3, 3]): 
PretrainedInit: load from https://download.openmmlab.com/mmpose/v1/projects/rtmposev1/cspnext-tiny_udp-aic-coco_210e-256x192-cbed682d_20230130.pth 

backbone.stage3.1.blocks.0.conv1.bn.weight - torch.Size([96]): 
PretrainedInit: load from https://download.openmmlab.com/mmpose/v1/projects/rtmposev1/cspnext-tiny_udp-aic-coco_210e-256x192-cbed682d_20230130.pth 

backbone.stage3.1.blocks.0.conv1.bn.bias - torch.Size([96]): 
PretrainedInit: load from https://download.openmmlab.com/mmpose/v1/projects/rtmposev1/cspnext-tiny_udp-aic-coco_210e-256x192-cbed682d_20230130.pth 

backbone.stage3.1.blocks.0.conv2.depthwise_conv.conv.weight - torch.Size([96, 1, 5, 5]): 
PretrainedInit: load from https://download.openmmlab.com/mmpose/v1/projects/rtmposev1/cspnext-tiny_udp-aic-coco_210e-256x192-cbed682d_20230130.pth 

backbone.stage3.1.blocks.0.conv2.depthwise_conv.bn.weight - torch.Size([96]): 
PretrainedInit: load from https://download.openmmlab.com/mmpose/v1/projects/rtmposev1/cspnext-tiny_udp-aic-coco_210e-256x192-cbed682d_20230130.pth 

backbone.stage3.1.blocks.0.conv2.depthwise_conv.bn.bias - torch.Size([96]): 
PretrainedInit: load from https://download.openmmlab.com/mmpose/v1/projects/rtmposev1/cspnext-tiny_udp-aic-coco_210e-256x192-cbed682d_20230130.pth 

backbone.stage3.1.blocks.0.conv2.pointwise_conv.conv.weight - torch.Size([96, 96, 1, 1]): 
PretrainedInit: load from https://download.openmmlab.com/mmpose/v1/projects/rtmposev1/cspnext-tiny_udp-aic-coco_210e-256x192-cbed682d_20230130.pth 

backbone.stage3.1.blocks.0.conv2.pointwise_conv.bn.weight - torch.Size([96]): 
PretrainedInit: load from https://download.openmmlab.com/mmpose/v1/projects/rtmposev1/cspnext-tiny_udp-aic-coco_210e-256x192-cbed682d_20230130.pth 

backbone.stage3.1.blocks.0.conv2.pointwise_conv.bn.bias - torch.Size([96]): 
PretrainedInit: load from https://download.openmmlab.com/mmpose/v1/projects/rtmposev1/cspnext-tiny_udp-aic-coco_210e-256x192-cbed682d_20230130.pth 

backbone.stage3.1.attention.fc.weight - torch.Size([192, 192, 1, 1]): 
PretrainedInit: load from https://download.openmmlab.com/mmpose/v1/projects/rtmposev1/cspnext-tiny_udp-aic-coco_210e-256x192-cbed682d_20230130.pth 

backbone.stage3.1.attention.fc.bias - torch.Size([192]): 
PretrainedInit: load from https://download.openmmlab.com/mmpose/v1/projects/rtmposev1/cspnext-tiny_udp-aic-coco_210e-256x192-cbed682d_20230130.pth 

backbone.stage4.0.conv.weight - torch.Size([384, 192, 3, 3]): 
PretrainedInit: load from https://download.openmmlab.com/mmpose/v1/projects/rtmposev1/cspnext-tiny_udp-aic-coco_210e-256x192-cbed682d_20230130.pth 

backbone.stage4.0.bn.weight - torch.Size([384]): 
PretrainedInit: load from https://download.openmmlab.com/mmpose/v1/projects/rtmposev1/cspnext-tiny_udp-aic-coco_210e-256x192-cbed682d_20230130.pth 

backbone.stage4.0.bn.bias - torch.Size([384]): 
PretrainedInit: load from https://download.openmmlab.com/mmpose/v1/projects/rtmposev1/cspnext-tiny_udp-aic-coco_210e-256x192-cbed682d_20230130.pth 

backbone.stage4.1.conv1.conv.weight - torch.Size([192, 384, 1, 1]): 
PretrainedInit: load from https://download.openmmlab.com/mmpose/v1/projects/rtmposev1/cspnext-tiny_udp-aic-coco_210e-256x192-cbed682d_20230130.pth 

backbone.stage4.1.conv1.bn.weight - torch.Size([192]): 
PretrainedInit: load from https://download.openmmlab.com/mmpose/v1/projects/rtmposev1/cspnext-tiny_udp-aic-coco_210e-256x192-cbed682d_20230130.pth 

backbone.stage4.1.conv1.bn.bias - torch.Size([192]): 
PretrainedInit: load from https://download.openmmlab.com/mmpose/v1/projects/rtmposev1/cspnext-tiny_udp-aic-coco_210e-256x192-cbed682d_20230130.pth 

backbone.stage4.1.conv2.conv.weight - torch.Size([384, 768, 1, 1]): 
PretrainedInit: load from https://download.openmmlab.com/mmpose/v1/projects/rtmposev1/cspnext-tiny_udp-aic-coco_210e-256x192-cbed682d_20230130.pth 

backbone.stage4.1.conv2.bn.weight - torch.Size([384]): 
PretrainedInit: load from https://download.openmmlab.com/mmpose/v1/projects/rtmposev1/cspnext-tiny_udp-aic-coco_210e-256x192-cbed682d_20230130.pth 

backbone.stage4.1.conv2.bn.bias - torch.Size([384]): 
PretrainedInit: load from https://download.openmmlab.com/mmpose/v1/projects/rtmposev1/cspnext-tiny_udp-aic-coco_210e-256x192-cbed682d_20230130.pth 

backbone.stage4.2.main_conv.conv.weight - torch.Size([192, 384, 1, 1]): 
PretrainedInit: load from https://download.openmmlab.com/mmpose/v1/projects/rtmposev1/cspnext-tiny_udp-aic-coco_210e-256x192-cbed682d_20230130.pth 

backbone.stage4.2.main_conv.bn.weight - torch.Size([192]): 
PretrainedInit: load from https://download.openmmlab.com/mmpose/v1/projects/rtmposev1/cspnext-tiny_udp-aic-coco_210e-256x192-cbed682d_20230130.pth 

backbone.stage4.2.main_conv.bn.bias - torch.Size([192]): 
PretrainedInit: load from https://download.openmmlab.com/mmpose/v1/projects/rtmposev1/cspnext-tiny_udp-aic-coco_210e-256x192-cbed682d_20230130.pth 

backbone.stage4.2.short_conv.conv.weight - torch.Size([192, 384, 1, 1]): 
PretrainedInit: load from https://download.openmmlab.com/mmpose/v1/projects/rtmposev1/cspnext-tiny_udp-aic-coco_210e-256x192-cbed682d_20230130.pth 

backbone.stage4.2.short_conv.bn.weight - torch.Size([192]): 
PretrainedInit: load from https://download.openmmlab.com/mmpose/v1/projects/rtmposev1/cspnext-tiny_udp-aic-coco_210e-256x192-cbed682d_20230130.pth 

backbone.stage4.2.short_conv.bn.bias - torch.Size([192]): 
PretrainedInit: load from https://download.openmmlab.com/mmpose/v1/projects/rtmposev1/cspnext-tiny_udp-aic-coco_210e-256x192-cbed682d_20230130.pth 

backbone.stage4.2.final_conv.conv.weight - torch.Size([384, 384, 1, 1]): 
PretrainedInit: load from https://download.openmmlab.com/mmpose/v1/projects/rtmposev1/cspnext-tiny_udp-aic-coco_210e-256x192-cbed682d_20230130.pth 

backbone.stage4.2.final_conv.bn.weight - torch.Size([384]): 
PretrainedInit: load from https://download.openmmlab.com/mmpose/v1/projects/rtmposev1/cspnext-tiny_udp-aic-coco_210e-256x192-cbed682d_20230130.pth 

backbone.stage4.2.final_conv.bn.bias - torch.Size([384]): 
PretrainedInit: load from https://download.openmmlab.com/mmpose/v1/projects/rtmposev1/cspnext-tiny_udp-aic-coco_210e-256x192-cbed682d_20230130.pth 

backbone.stage4.2.blocks.0.conv1.conv.weight - torch.Size([192, 192, 3, 3]): 
PretrainedInit: load from https://download.openmmlab.com/mmpose/v1/projects/rtmposev1/cspnext-tiny_udp-aic-coco_210e-256x192-cbed682d_20230130.pth 

backbone.stage4.2.blocks.0.conv1.bn.weight - torch.Size([192]): 
PretrainedInit: load from https://download.openmmlab.com/mmpose/v1/projects/rtmposev1/cspnext-tiny_udp-aic-coco_210e-256x192-cbed682d_20230130.pth 

backbone.stage4.2.blocks.0.conv1.bn.bias - torch.Size([192]): 
PretrainedInit: load from https://download.openmmlab.com/mmpose/v1/projects/rtmposev1/cspnext-tiny_udp-aic-coco_210e-256x192-cbed682d_20230130.pth 

backbone.stage4.2.blocks.0.conv2.depthwise_conv.conv.weight - torch.Size([192, 1, 5, 5]): 
PretrainedInit: load from https://download.openmmlab.com/mmpose/v1/projects/rtmposev1/cspnext-tiny_udp-aic-coco_210e-256x192-cbed682d_20230130.pth 

backbone.stage4.2.blocks.0.conv2.depthwise_conv.bn.weight - torch.Size([192]): 
PretrainedInit: load from https://download.openmmlab.com/mmpose/v1/projects/rtmposev1/cspnext-tiny_udp-aic-coco_210e-256x192-cbed682d_20230130.pth 

backbone.stage4.2.blocks.0.conv2.depthwise_conv.bn.bias - torch.Size([192]): 
PretrainedInit: load from https://download.openmmlab.com/mmpose/v1/projects/rtmposev1/cspnext-tiny_udp-aic-coco_210e-256x192-cbed682d_20230130.pth 

backbone.stage4.2.blocks.0.conv2.pointwise_conv.conv.weight - torch.Size([192, 192, 1, 1]): 
PretrainedInit: load from https://download.openmmlab.com/mmpose/v1/projects/rtmposev1/cspnext-tiny_udp-aic-coco_210e-256x192-cbed682d_20230130.pth 

backbone.stage4.2.blocks.0.conv2.pointwise_conv.bn.weight - torch.Size([192]): 
PretrainedInit: load from https://download.openmmlab.com/mmpose/v1/projects/rtmposev1/cspnext-tiny_udp-aic-coco_210e-256x192-cbed682d_20230130.pth 

backbone.stage4.2.blocks.0.conv2.pointwise_conv.bn.bias - torch.Size([192]): 
PretrainedInit: load from https://download.openmmlab.com/mmpose/v1/projects/rtmposev1/cspnext-tiny_udp-aic-coco_210e-256x192-cbed682d_20230130.pth 

backbone.stage4.2.attention.fc.weight - torch.Size([384, 384, 1, 1]): 
PretrainedInit: load from https://download.openmmlab.com/mmpose/v1/projects/rtmposev1/cspnext-tiny_udp-aic-coco_210e-256x192-cbed682d_20230130.pth 

backbone.stage4.2.attention.fc.bias - torch.Size([384]): 
PretrainedInit: load from https://download.openmmlab.com/mmpose/v1/projects/rtmposev1/cspnext-tiny_udp-aic-coco_210e-256x192-cbed682d_20230130.pth 

head.final_layer.weight - torch.Size([17, 384, 7, 7]): 
NormalInit: mean=0, std=0.001, bias=0 

head.final_layer.bias - torch.Size([17]): 
NormalInit: mean=0, std=0.001, bias=0 

head.mlp.0.g - torch.Size([1]): 
The value is the same before and after calling `init_weights` of TopdownPoseEstimator  

head.mlp.1.weight - torch.Size([256, 48]): 
NormalInit: mean=0, std=0.01, bias=0 

head.gau.gamma - torch.Size([2, 128]): 
The value is the same before and after calling `init_weights` of TopdownPoseEstimator  

head.gau.beta - torch.Size([2, 128]): 
The value is the same before and after calling `init_weights` of TopdownPoseEstimator  

head.gau.o.weight - torch.Size([256, 512]): 
NormalInit: mean=0, std=0.01, bias=0 

head.gau.uv.weight - torch.Size([1152, 256]): 
NormalInit: mean=0, std=0.01, bias=0 

head.gau.ln.g - torch.Size([1]): 
The value is the same before and after calling `init_weights` of TopdownPoseEstimator  

head.gau.res_scale.scale - torch.Size([256]): 
The value is the same before and after calling `init_weights` of TopdownPoseEstimator  

head.cls_x.weight - torch.Size([384, 256]): 
NormalInit: mean=0, std=0.01, bias=0 

head.cls_y.weight - torch.Size([512, 256]): 
NormalInit: mean=0, std=0.01, bias=0 
2026/03/25 03:46:52 - mmengine - WARNING - "FileClient" will be deprecated in future. Please use io functions in https://mmengine.readthedocs.io/en/latest/api/fileio.html#file-io
2026/03/25 03:46:52 - mmengine - WARNING - "HardDiskBackend" is the alias of "LocalBackend" and the former will be deprecated in future.
2026/03/25 03:46:52 - mmengine - INFO - Checkpoints will be saved to /home/tvem/anime/AniPose/work_dirs/anime_rtmpose_tiny.
2026/03/25 03:46:56 - mmengine - INFO - Epoch(train)  [1][10/39]  base_lr: 9.509018e-06 lr: 9.509018e-06  eta: 0:07:12  time: 0.372447  data_time: 0.124332  memory: 289  loss: 0.000425  loss_kpt: 0.000425  acc_pose: 0.000000
2026/03/25 03:46:59 - mmengine - INFO - Epoch(train)  [1][20/39]  base_lr: 1.951904e-05 lr: 1.951904e-05  eta: 0:06:24  time: 0.334101  data_time: 0.127336  memory: 289  loss: 0.000379  loss_kpt: 0.000379  acc_pose: 0.000000
2026/03/25 03:47:02 - mmengine - INFO - Epoch(train)  [1][30/39]  base_lr: 2.952906e-05 lr: 2.952906e-05  eta: 0:06:22  time: 0.335162  data_time: 0.145719  memory: 289  loss: 0.000345  loss_kpt: 0.000345  acc_pose: 0.019608
2026/03/25 03:47:05 - mmengine - INFO - Exp name: rtmpose-t_8xb256-420e_coco-256x192_20260325_034648
2026/03/25 03:47:09 - mmengine - INFO - Epoch(train)  [2][10/39]  base_lr: 4.854810e-05 lr: 4.854810e-05  eta: 0:06:26  time: 0.344401  data_time: 0.163412  memory: 289  loss: 0.000291  loss_kpt: 0.000291  acc_pose: 0.014706
2026/03/25 03:47:12 - mmengine - INFO - Epoch(train)  [2][20/39]  base_lr: 5.855812e-05 lr: 5.855812e-05  eta: 0:06:08  time: 0.326294  data_time: 0.165306  memory: 289  loss: 0.000247  loss_kpt: 0.000247  acc_pose: 0.033613
2026/03/25 03:47:14 - mmengine - INFO - Epoch(train)  [2][30/39]  base_lr: 6.856814e-05 lr: 6.856814e-05  eta: 0:05:44  time: 0.303280  data_time: 0.149991  memory: 289  loss: 0.000216  loss_kpt: 0.000216  acc_pose: 0.017857
2026/03/25 03:47:16 - mmengine - INFO - Exp name: rtmpose-t_8xb256-420e_coco-256x192_20260325_034648
2026/03/25 03:47:19 - mmengine - INFO - Epoch(train)  [3][10/39]  base_lr: 8.758717e-05 lr: 8.758717e-05  eta: 0:05:25  time: 0.283927  data_time: 0.147967  memory: 289  loss: 0.000186  loss_kpt: 0.000186  acc_pose: 0.028011
2026/03/25 03:47:20 - mmengine - INFO - Epoch(train)  [3][20/39]  base_lr: 9.759719e-05 lr: 9.759719e-05  eta: 0:05:07  time: 0.227925  data_time: 0.106973  memory: 289  loss: 0.000186  loss_kpt: 0.000186  acc_pose: 0.029412
2026/03/25 03:47:22 - mmengine - INFO - Epoch(train)  [3][30/39]  base_lr: 1.076072e-04 lr: 1.076072e-04  eta: 0:04:52  time: 0.206033  data_time: 0.097989  memory: 289  loss: 0.000184  loss_kpt: 0.000184  acc_pose: 0.054622
2026/03/25 03:47:23 - mmengine - INFO - Exp name: rtmpose-t_8xb256-420e_coco-256x192_20260325_034648
2026/03/25 03:47:25 - mmengine - INFO - Epoch(train)  [4][10/39]  base_lr: 1.266263e-04 lr: 1.266263e-04  eta: 0:04:28  time: 0.180867  data_time: 0.089481  memory: 289  loss: 0.000179  loss_kpt: 0.000179  acc_pose: 0.049020
2026/03/25 03:47:26 - mmengine - INFO - Epoch(train)  [4][20/39]  base_lr: 1.366363e-04 lr: 1.366363e-04  eta: 0:04:18  time: 0.163203  data_time: 0.077500  memory: 289  loss: 0.000182  loss_kpt: 0.000182  acc_pose: 0.073529
2026/03/25 03:47:27 - mmengine - INFO - Epoch(train)  [4][30/39]  base_lr: 1.466463e-04 lr: 1.466463e-04  eta: 0:04:06  time: 0.149662  data_time: 0.069546  memory: 289  loss: 0.000179  loss_kpt: 0.000179  acc_pose: 0.035364
2026/03/25 03:47:28 - mmengine - INFO - Exp name: rtmpose-t_8xb256-420e_coco-256x192_20260325_034648
2026/03/25 03:47:30 - mmengine - INFO - Epoch(train)  [5][10/39]  base_lr: 1.656653e-04 lr: 1.656653e-04  eta: 0:03:50  time: 0.147949  data_time: 0.067385  memory: 289  loss: 0.000172  loss_kpt: 0.000172  acc_pose: 0.128571
2026/03/25 03:47:32 - mmengine - INFO - Epoch(train)  [5][20/39]  base_lr: 1.756754e-04 lr: 1.756754e-04  eta: 0:03:43  time: 0.140345  data_time: 0.057863  memory: 289  loss: 0.000172  loss_kpt: 0.000172  acc_pose: 0.196078
2026/03/25 03:47:33 - mmengine - INFO - Epoch(train)  [5][30/39]  base_lr: 1.856854e-04 lr: 1.856854e-04  eta: 0:03:37  time: 0.145328  data_time: 0.061908  memory: 289  loss: 0.000168  loss_kpt: 0.000168  acc_pose: 0.271259
2026/03/25 03:47:34 - mmengine - INFO - Exp name: rtmpose-t_8xb256-420e_coco-256x192_20260325_034648
2026/03/25 03:47:34 - mmengine - INFO - Saving checkpoint at 5 epochs
2026/03/25 03:47:36 - mmengine - INFO - Evaluating CocoMetric...
2026/03/25 03:47:36 - mmengine - INFO - Epoch(val) [5][7/7]    coco/AP: 0.286418  coco/AP .5: 1.000000  coco/AP .75: 0.079348  coco/AP (M): -1.000000  coco/AP (L): 0.286418  coco/AR: 0.377778  coco/AR .5: 1.000000  coco/AR .75: 0.222222  coco/AR (M): -1.000000  coco/AR (L): 0.377778  data_time: 0.113022  time: 0.142261
2026/03/25 03:47:36 - mmengine - INFO - The best checkpoint with 0.2864 coco/AP at 5 epoch is saved to best_coco_AP_epoch_5.pth.
2026/03/25 03:47:39 - mmengine - INFO - Epoch(train)  [6][10/39]  base_lr: 2.047044e-04 lr: 2.047044e-04  eta: 0:03:26  time: 0.150961  data_time: 0.066617  memory: 289  loss: 0.000160  loss_kpt: 0.000160  acc_pose: 0.160714
2026/03/25 03:47:40 - mmengine - INFO - Epoch(train)  [6][20/39]  base_lr: 2.147144e-04 lr: 2.147144e-04  eta: 0:03:20  time: 0.143221  data_time: 0.058592  memory: 289  loss: 0.000160  loss_kpt: 0.000160  acc_pose: 0.274510
2026/03/25 03:47:42 - mmengine - INFO - Epoch(train)  [6][30/39]  base_lr: 2.247244e-04 lr: 2.247244e-04  eta: 0:03:15  time: 0.144521  data_time: 0.061376  memory: 289  loss: 0.000159  loss_kpt: 0.000159  acc_pose: 0.404762
2026/03/25 03:47:43 - mmengine - INFO - Exp name: rtmpose-t_8xb256-420e_coco-256x192_20260325_034648
2026/03/25 03:47:45 - mmengine - INFO - Epoch(train)  [7][10/39]  base_lr: 2.437435e-04 lr: 2.437435e-04  eta: 0:03:09  time: 0.159569  data_time: 0.073764  memory: 289  loss: 0.000149  loss_kpt: 0.000149  acc_pose: 0.399160
2026/03/25 03:47:46 - mmengine - INFO - Epoch(train)  [7][20/39]  base_lr: 2.537535e-04 lr: 2.537535e-04  eta: 0:03:05  time: 0.150823  data_time: 0.065852  memory: 289  loss: 0.000150  loss_kpt: 0.000150  acc_pose: 0.311275
2026/03/25 03:47:48 - mmengine - INFO - Epoch(train)  [7][30/39]  base_lr: 2.637635e-04 lr: 2.637635e-04  eta: 0:03:00  time: 0.151348  data_time: 0.066262  memory: 289  loss: 0.000148  loss_kpt: 0.000148  acc_pose: 0.443978
2026/03/25 03:47:49 - mmengine - INFO - Exp name: rtmpose-t_8xb256-420e_coco-256x192_20260325_034648
2026/03/25 03:47:50 - mmengine - INFO - Epoch(train)  [8][10/39]  base_lr: 2.827826e-04 lr: 2.827826e-04  eta: 0:02:53  time: 0.150042  data_time: 0.065763  memory: 289  loss: 0.000142  loss_kpt: 0.000142  acc_pose: 0.710924
2026/03/25 03:47:52 - mmengine - INFO - Epoch(train)  [8][20/39]  base_lr: 2.927926e-04 lr: 2.927926e-04  eta: 0:02:50  time: 0.140174  data_time: 0.056821  memory: 289  loss: 0.000144  loss_kpt: 0.000144  acc_pose: 0.537255
2026/03/25 03:47:53 - mmengine - INFO - Epoch(train)  [8][30/39]  base_lr: 3.028026e-04 lr: 3.028026e-04  eta: 0:02:46  time: 0.141222  data_time: 0.055805  memory: 289  loss: 0.000142  loss_kpt: 0.000142  acc_pose: 0.443137
2026/03/25 03:47:54 - mmengine - INFO - Exp name: rtmpose-t_8xb256-420e_coco-256x192_20260325_034648
2026/03/25 03:47:56 - mmengine - INFO - Epoch(train)  [9][10/39]  base_lr: 3.218216e-04 lr: 3.218216e-04  eta: 0:02:40  time: 0.150778  data_time: 0.067720  memory: 289  loss: 0.000136  loss_kpt: 0.000136  acc_pose: 0.536765
2026/03/25 03:47:58 - mmengine - INFO - Epoch(train)  [9][20/39]  base_lr: 3.318317e-04 lr: 3.318317e-04  eta: 0:02:38  time: 0.153382  data_time: 0.065999  memory: 289  loss: 0.000138  loss_kpt: 0.000138  acc_pose: 0.620098
2026/03/25 03:48:00 - mmengine - INFO - Epoch(train)  [9][30/39]  base_lr: 3.418417e-04 lr: 3.418417e-04  eta: 0:02:37  time: 0.169983  data_time: 0.079219  memory: 289  loss: 0.000136  loss_kpt: 0.000136  acc_pose: 0.473389
2026/03/25 03:48:01 - mmengine - INFO - Exp name: rtmpose-t_8xb256-420e_coco-256x192_20260325_034648
2026/03/25 03:48:03 - mmengine - INFO - Epoch(train) [10][10/39]  base_lr: 3.608607e-04 lr: 3.608607e-04  eta: 0:02:32  time: 0.178645  data_time: 0.086496  memory: 289  loss: 0.000132  loss_kpt: 0.000132  acc_pose: 0.580882
2026/03/25 03:48:05 - mmengine - INFO - Epoch(train) [10][20/39]  base_lr: 3.708707e-04 lr: 3.708707e-04  eta: 0:02:29  time: 0.171402  data_time: 0.077723  memory: 289  loss: 0.000134  loss_kpt: 0.000134  acc_pose: 0.538235
2026/03/25 03:48:06 - mmengine - INFO - Epoch(train) [10][30/39]  base_lr: 3.808808e-04 lr: 3.808808e-04  eta: 0:02:27  time: 0.168015  data_time: 0.079162  memory: 289  loss: 0.000132  loss_kpt: 0.000132  acc_pose: 0.641036
2026/03/25 03:48:07 - mmengine - INFO - Exp name: rtmpose-t_8xb256-420e_coco-256x192_20260325_034648
2026/03/25 03:48:07 - mmengine - INFO - Saving checkpoint at 10 epochs
2026/03/25 03:48:09 - mmengine - INFO - Evaluating CocoMetric...
2026/03/25 03:48:09 - mmengine - INFO - Epoch(val) [10][7/7]    coco/AP: 0.783800  coco/AP .5: 1.000000  coco/AP .75: 0.933993  coco/AP (M): -1.000000  coco/AP (L): 0.783800  coco/AR: 0.838889  coco/AR .5: 1.000000  coco/AR .75: 0.962963  coco/AR (M): -1.000000  coco/AR (L): 0.838889  data_time: 0.078195  time: 0.109142
2026/03/25 03:48:09 - mmengine - INFO - The previous best checkpoint /home/tvem/anime/AniPose/work_dirs/anime_rtmpose_tiny/best_coco_AP_epoch_5.pth is removed
2026/03/25 03:48:09 - mmengine - INFO - The best checkpoint with 0.7838 coco/AP at 10 epoch is saved to best_coco_AP_epoch_10.pth.
2026/03/25 03:48:12 - mmengine - INFO - Epoch(train) [11][10/39]  base_lr: 3.998998e-04 lr: 3.998998e-04  eta: 0:02:22  time: 0.159644  data_time: 0.077910  memory: 289  loss: 0.000127  loss_kpt: 0.000127  acc_pose: 0.604412
2026/03/25 03:48:13 - mmengine - INFO - Epoch(train) [11][20/39]  base_lr: 4.099098e-04 lr: 4.099098e-04  eta: 0:02:20  time: 0.150408  data_time: 0.070080  memory: 289  loss: 0.000128  loss_kpt: 0.000128  acc_pose: 0.650560
2026/03/25 03:48:15 - mmengine - INFO - Epoch(train) [11][30/39]  base_lr: 4.199198e-04 lr: 4.199198e-04  eta: 0:02:17  time: 0.152168  data_time: 0.071642  memory: 289  loss: 0.000127  loss_kpt: 0.000127  acc_pose: 0.609244
2026/03/25 03:48:16 - mmengine - INFO - Exp name: rtmpose-t_8xb256-420e_coco-256x192_20260325_034648
2026/03/25 03:48:18 - mmengine - INFO - Epoch(train) [12][10/39]  base_lr: 4.389389e-04 lr: 4.389389e-04  eta: 0:02:13  time: 0.155241  data_time: 0.073126  memory: 289  loss: 0.000126  loss_kpt: 0.000126  acc_pose: 0.627801
2026/03/25 03:48:19 - mmengine - INFO - Epoch(train) [12][20/39]  base_lr: 4.489489e-04 lr: 4.489489e-04  eta: 0:02:10  time: 0.146500  data_time: 0.064743  memory: 289  loss: 0.000126  loss_kpt: 0.000126  acc_pose: 0.588235
2026/03/25 03:48:21 - mmengine - INFO - Epoch(train) [12][30/39]  base_lr: 4.589589e-04 lr: 4.589589e-04  eta: 0:02:08  time: 0.151328  data_time: 0.067069  memory: 289  loss: 0.000125  loss_kpt: 0.000125  acc_pose: 0.537815
2026/03/25 03:48:22 - mmengine - INFO - Exp name: rtmpose-t_8xb256-420e_coco-256x192_20260325_034648
2026/03/25 03:48:24 - mmengine - INFO - Epoch(train) [13][10/39]  base_lr: 4.779780e-04 lr: 4.779780e-04  eta: 0:02:04  time: 0.156011  data_time: 0.076203  memory: 289  loss: 0.000120  loss_kpt: 0.000120  acc_pose: 0.800000
2026/03/25 03:48:25 - mmengine - INFO - Epoch(train) [13][20/39]  base_lr: 4.879880e-04 lr: 4.879880e-04  eta: 0:02:01  time: 0.145884  data_time: 0.065142  memory: 289  loss: 0.000121  loss_kpt: 0.000121  acc_pose: 0.610924
2026/03/25 03:48:26 - mmengine - INFO - Epoch(train) [13][30/39]  base_lr: 4.979980e-04 lr: 4.979980e-04  eta: 0:01:59  time: 0.149300  data_time: 0.069735  memory: 289  loss: 0.000121  loss_kpt: 0.000121  acc_pose: 0.864146
2026/03/25 03:48:27 - mmengine - INFO - Exp name: rtmpose-t_8xb256-420e_coco-256x192_20260325_034648
2026/03/25 03:48:29 - mmengine - INFO - Epoch(train) [14][10/39]  base_lr: 5.000000e-04 lr: 5.000000e-04  eta: 0:01:55  time: 0.154894  data_time: 0.078380  memory: 289  loss: 0.000121  loss_kpt: 0.000121  acc_pose: 0.717647
2026/03/25 03:48:31 - mmengine - INFO - Epoch(train) [14][20/39]  base_lr: 5.000000e-04 lr: 5.000000e-04  eta: 0:01:53  time: 0.148085  data_time: 0.069931  memory: 289  loss: 0.000121  loss_kpt: 0.000121  acc_pose: 0.795518
2026/03/25 03:48:32 - mmengine - INFO - Epoch(train) [14][30/39]  base_lr: 5.000000e-04 lr: 5.000000e-04  eta: 0:01:51  time: 0.151465  data_time: 0.074897  memory: 289  loss: 0.000120  loss_kpt: 0.000120  acc_pose: 0.779412
2026/03/25 03:48:33 - mmengine - INFO - Exp name: rtmpose-t_8xb256-420e_coco-256x192_20260325_034648
2026/03/25 03:48:35 - mmengine - INFO - Epoch(train) [15][10/39]  base_lr: 5.000000e-04 lr: 5.000000e-04  eta: 0:01:47  time: 0.156289  data_time: 0.076821  memory: 289  loss: 0.000116  loss_kpt: 0.000116  acc_pose: 0.682773
2026/03/25 03:48:37 - mmengine - INFO - Epoch(train) [15][20/39]  base_lr: 5.000000e-04 lr: 5.000000e-04  eta: 0:01:45  time: 0.145340  data_time: 0.064468  memory: 289  loss: 0.000118  loss_kpt: 0.000118  acc_pose: 0.745098
2026/03/25 03:48:38 - mmengine - INFO - Epoch(train) [15][30/39]  base_lr: 5.000000e-04 lr: 5.000000e-04  eta: 0:01:43  time: 0.148104  data_time: 0.064361  memory: 289  loss: 0.000119  loss_kpt: 0.000119  acc_pose: 0.823529
2026/03/25 03:48:39 - mmengine - INFO - Exp name: rtmpose-t_8xb256-420e_coco-256x192_20260325_034648
2026/03/25 03:48:39 - mmengine - INFO - Saving checkpoint at 15 epochs
2026/03/25 03:48:41 - mmengine - INFO - Evaluating CocoMetric...
2026/03/25 03:48:41 - mmengine - INFO - Epoch(val) [15][7/7]    coco/AP: 0.866654  coco/AP .5: 1.000000  coco/AP .75: 0.905468  coco/AP (M): -1.000000  coco/AP (L): 0.866654  coco/AR: 0.909259  coco/AR .5: 1.000000  coco/AR .75: 0.944444  coco/AR (M): -1.000000  coco/AR (L): 0.909259  data_time: 0.086863  time: 0.104724
2026/03/25 03:48:41 - mmengine - INFO - The previous best checkpoint /home/tvem/anime/AniPose/work_dirs/anime_rtmpose_tiny/best_coco_AP_epoch_10.pth is removed
2026/03/25 03:48:41 - mmengine - INFO - The best checkpoint with 0.8667 coco/AP at 15 epoch is saved to best_coco_AP_epoch_15.pth.
2026/03/25 03:48:44 - mmengine - INFO - Epoch(train) [16][10/39]  base_lr: 5.000000e-04 lr: 5.000000e-04  eta: 0:01:39  time: 0.153639  data_time: 0.068380  memory: 289  loss: 0.000116  loss_kpt: 0.000116  acc_pose: 0.745098
2026/03/25 03:48:45 - mmengine - INFO - Epoch(train) [16][20/39]  base_lr: 5.000000e-04 lr: 5.000000e-04  eta: 0:01:37  time: 0.143250  data_time: 0.059117  memory: 289  loss: 0.000117  loss_kpt: 0.000117  acc_pose: 0.855392
2026/03/25 03:48:47 - mmengine - INFO - Epoch(train) [16][30/39]  base_lr: 5.000000e-04 lr: 5.000000e-04  eta: 0:01:35  time: 0.145039  data_time: 0.060107  memory: 289  loss: 0.000116  loss_kpt: 0.000116  acc_pose: 0.760784
2026/03/25 03:48:48 - mmengine - INFO - Exp name: rtmpose-t_8xb256-420e_coco-256x192_20260325_034648
2026/03/25 03:48:50 - mmengine - INFO - Epoch(train) [17][10/39]  base_lr: 5.000000e-04 lr: 5.000000e-04  eta: 0:01:32  time: 0.154340  data_time: 0.071821  memory: 289  loss: 0.000112  loss_kpt: 0.000112  acc_pose: 0.698529
2026/03/25 03:48:51 - mmengine - INFO - Epoch(train) [17][20/39]  base_lr: 5.000000e-04 lr: 5.000000e-04  eta: 0:01:30  time: 0.145661  data_time: 0.062925  memory: 289  loss: 0.000113  loss_kpt: 0.000113  acc_pose: 0.766667
2026/03/25 03:48:52 - mmengine - INFO - Epoch(train) [17][30/39]  base_lr: 5.000000e-04 lr: 5.000000e-04  eta: 0:01:28  time: 0.145703  data_time: 0.062025  memory: 289  loss: 0.000112  loss_kpt: 0.000112  acc_pose: 0.818768
2026/03/25 03:48:53 - mmengine - INFO - Exp name: rtmpose-t_8xb256-420e_coco-256x192_20260325_034648
2026/03/25 03:48:55 - mmengine - INFO - Epoch(train) [18][10/39]  base_lr: 5.000000e-04 lr: 5.000000e-04  eta: 0:01:24  time: 0.154739  data_time: 0.073228  memory: 289  loss: 0.000109  loss_kpt: 0.000109  acc_pose: 0.830672
2026/03/25 03:48:57 - mmengine - INFO - Epoch(train) [18][20/39]  base_lr: 5.000000e-04 lr: 5.000000e-04  eta: 0:01:22  time: 0.141662  data_time: 0.060336  memory: 289  loss: 0.000110  loss_kpt: 0.000110  acc_pose: 0.713585
2026/03/25 03:48:58 - mmengine - INFO - Epoch(train) [18][30/39]  base_lr: 5.000000e-04 lr: 5.000000e-04  eta: 0:01:21  time: 0.149777  data_time: 0.067942  memory: 289  loss: 0.000109  loss_kpt: 0.000109  acc_pose: 0.852941
2026/03/25 03:48:59 - mmengine - INFO - Exp name: rtmpose-t_8xb256-420e_coco-256x192_20260325_034648
2026/03/25 03:49:01 - mmengine - INFO - Epoch(train) [19][10/39]  base_lr: 5.000000e-04 lr: 5.000000e-04  eta: 0:01:17  time: 0.155742  data_time: 0.074691  memory: 289  loss: 0.000107  loss_kpt: 0.000107  acc_pose: 0.787465
2026/03/25 03:49:03 - mmengine - INFO - Epoch(train) [19][20/39]  base_lr: 5.000000e-04 lr: 5.000000e-04  eta: 0:01:15  time: 0.149175  data_time: 0.069216  memory: 289  loss: 0.000107  loss_kpt: 0.000107  acc_pose: 0.897059
2026/03/25 03:49:04 - mmengine - INFO - Epoch(train) [19][30/39]  base_lr: 5.000000e-04 lr: 5.000000e-04  eta: 0:01:13  time: 0.149267  data_time: 0.067629  memory: 289  loss: 0.000106  loss_kpt: 0.000106  acc_pose: 0.845588
2026/03/25 03:49:05 - mmengine - INFO - Exp name: rtmpose-t_8xb256-420e_coco-256x192_20260325_034648
2026/03/25 03:49:07 - mmengine - INFO - Epoch(train) [20][10/39]  base_lr: 5.000000e-04 lr: 5.000000e-04  eta: 0:01:10  time: 0.154042  data_time: 0.070550  memory: 289  loss: 0.000101  loss_kpt: 0.000101  acc_pose: 0.812605
2026/03/25 03:49:08 - mmengine - INFO - Epoch(train) [20][20/39]  base_lr: 5.000000e-04 lr: 5.000000e-04  eta: 0:01:08  time: 0.143821  data_time: 0.059616  memory: 289  loss: 0.000101  loss_kpt: 0.000101  acc_pose: 0.778711
2026/03/25 03:49:10 - mmengine - INFO - Epoch(train) [20][30/39]  base_lr: 5.000000e-04 lr: 5.000000e-04  eta: 0:01:06  time: 0.145173  data_time: 0.061126  memory: 289  loss: 0.000102  loss_kpt: 0.000102  acc_pose: 0.862185
2026/03/25 03:49:11 - mmengine - INFO - Exp name: rtmpose-t_8xb256-420e_coco-256x192_20260325_034648
2026/03/25 03:49:11 - mmengine - INFO - Saving checkpoint at 20 epochs
2026/03/25 03:49:12 - mmengine - INFO - Evaluating CocoMetric...
2026/03/25 03:49:12 - mmengine - INFO - Epoch(val) [20][7/7]    coco/AP: 0.897980  coco/AP .5: 1.000000  coco/AP .75: 0.969014  coco/AP (M): -1.000000  coco/AP (L): 0.897980  coco/AR: 0.938889  coco/AR .5: 1.000000  coco/AR .75: 0.981481  coco/AR (M): -1.000000  coco/AR (L): 0.938889  data_time: 0.079541  time: 0.101279
2026/03/25 03:49:12 - mmengine - INFO - The previous best checkpoint /home/tvem/anime/AniPose/work_dirs/anime_rtmpose_tiny/best_coco_AP_epoch_15.pth is removed
2026/03/25 03:49:13 - mmengine - INFO - The best checkpoint with 0.8980 coco/AP at 20 epoch is saved to best_coco_AP_epoch_20.pth.
2026/03/25 03:49:15 - mmengine - INFO - Epoch(train) [21][10/39]  base_lr: 5.000000e-04 lr: 5.000000e-04  eta: 0:01:03  time: 0.151829  data_time: 0.070961  memory: 289  loss: 0.000100  loss_kpt: 0.000100  acc_pose: 0.893557
2026/03/25 03:49:17 - mmengine - INFO - Epoch(train) [21][20/39]  base_lr: 5.000000e-04 lr: 5.000000e-04  eta: 0:01:01  time: 0.148332  data_time: 0.066810  memory: 289  loss: 0.000103  loss_kpt: 0.000103  acc_pose: 0.767157
2026/03/25 03:49:18 - mmengine - INFO - Epoch(train) [21][30/39]  base_lr: 5.000000e-04 lr: 5.000000e-04  eta: 0:00:59  time: 0.145270  data_time: 0.064047  memory: 289  loss: 0.000103  loss_kpt: 0.000103  acc_pose: 0.745378
2026/03/25 03:49:19 - mmengine - INFO - Exp name: rtmpose-t_8xb256-420e_coco-256x192_20260325_034648
2026/03/25 03:49:21 - mmengine - INFO - Epoch(train) [22][10/39]  base_lr: 5.000000e-05 lr: 5.000000e-05  eta: 0:00:56  time: 0.152662  data_time: 0.069478  memory: 289  loss: 0.000099  loss_kpt: 0.000099  acc_pose: 0.883754
2026/03/25 03:49:22 - mmengine - INFO - Epoch(train) [22][20/39]  base_lr: 5.000000e-05 lr: 5.000000e-05  eta: 0:00:54  time: 0.144499  data_time: 0.058942  memory: 289  loss: 0.000099  loss_kpt: 0.000099  acc_pose: 0.937675
2026/03/25 03:49:24 - mmengine - INFO - Epoch(train) [22][30/39]  base_lr: 5.000000e-05 lr: 5.000000e-05  eta: 0:00:53  time: 0.143769  data_time: 0.057740  memory: 289  loss: 0.000097  loss_kpt: 0.000097  acc_pose: 0.787115
2026/03/25 03:49:25 - mmengine - INFO - Exp name: rtmpose-t_8xb256-420e_coco-256x192_20260325_034648
2026/03/25 03:49:27 - mmengine - INFO - Epoch(train) [23][10/39]  base_lr: 5.000000e-05 lr: 5.000000e-05  eta: 0:00:49  time: 0.150812  data_time: 0.067484  memory: 289  loss: 0.000091  loss_kpt: 0.000091  acc_pose: 0.879272
2026/03/25 03:49:28 - mmengine - INFO - Epoch(train) [23][20/39]  base_lr: 5.000000e-05 lr: 5.000000e-05  eta: 0:00:48  time: 0.140537  data_time: 0.058509  memory: 289  loss: 0.000090  loss_kpt: 0.000090  acc_pose: 0.760504
2026/03/25 03:49:30 - mmengine - INFO - Epoch(train) [23][30/39]  base_lr: 5.000000e-05 lr: 5.000000e-05  eta: 0:00:46  time: 0.150233  data_time: 0.070726  memory: 289  loss: 0.000089  loss_kpt: 0.000089  acc_pose: 0.868067
2026/03/25 03:49:31 - mmengine - INFO - Exp name: rtmpose-t_8xb256-420e_coco-256x192_20260325_034648
2026/03/25 03:49:32 - mmengine - INFO - Epoch(train) [24][10/39]  base_lr: 5.000000e-05 lr: 5.000000e-05  eta: 0:00:43  time: 0.152974  data_time: 0.076501  memory: 289  loss: 0.000086  loss_kpt: 0.000086  acc_pose: 0.834034
2026/03/25 03:49:34 - mmengine - INFO - Epoch(train) [24][20/39]  base_lr: 5.000000e-05 lr: 5.000000e-05  eta: 0:00:41  time: 0.145442  data_time: 0.067080  memory: 289  loss: 0.000087  loss_kpt: 0.000087  acc_pose: 0.934244
2026/03/25 03:49:35 - mmengine - INFO - Epoch(train) [24][30/39]  base_lr: 5.000000e-05 lr: 5.000000e-05  eta: 0:00:39  time: 0.144381  data_time: 0.063249  memory: 289  loss: 0.000087  loss_kpt: 0.000087  acc_pose: 0.840616
2026/03/25 03:49:36 - mmengine - INFO - Exp name: rtmpose-t_8xb256-420e_coco-256x192_20260325_034648
2026/03/25 03:49:38 - mmengine - INFO - Epoch(train) [25][10/39]  base_lr: 5.000000e-05 lr: 5.000000e-05  eta: 0:00:36  time: 0.147757  data_time: 0.063124  memory: 289  loss: 0.000084  loss_kpt: 0.000084  acc_pose: 0.875000
2026/03/25 03:49:40 - mmengine - INFO - Epoch(train) [25][20/39]  base_lr: 5.000000e-05 lr: 5.000000e-05  eta: 0:00:35  time: 0.146667  data_time: 0.060542  memory: 289  loss: 0.000086  loss_kpt: 0.000086  acc_pose: 0.904762
2026/03/25 03:49:41 - mmengine - INFO - Epoch(train) [25][30/39]  base_lr: 5.000000e-05 lr: 5.000000e-05  eta: 0:00:33  time: 0.144578  data_time: 0.061370  memory: 289  loss: 0.000084  loss_kpt: 0.000084  acc_pose: 0.717647
2026/03/25 03:49:42 - mmengine - INFO - Exp name: rtmpose-t_8xb256-420e_coco-256x192_20260325_034648
2026/03/25 03:49:42 - mmengine - INFO - Saving checkpoint at 25 epochs
2026/03/25 03:49:43 - mmengine - INFO - Evaluating CocoMetric...
2026/03/25 03:49:43 - mmengine - INFO - Epoch(val) [25][7/7]    coco/AP: 0.940612  coco/AP .5: 1.000000  coco/AP .75: 0.935094  coco/AP (M): -1.000000  coco/AP (L): 0.940612  coco/AR: 0.966667  coco/AR .5: 1.000000  coco/AR .75: 0.962963  coco/AR (M): -1.000000  coco/AR (L): 0.966667  data_time: 0.085213  time: 0.102118
2026/03/25 03:49:43 - mmengine - INFO - The previous best checkpoint /home/tvem/anime/AniPose/work_dirs/anime_rtmpose_tiny/best_coco_AP_epoch_20.pth is removed
2026/03/25 03:49:44 - mmengine - INFO - The best checkpoint with 0.9406 coco/AP at 25 epoch is saved to best_coco_AP_epoch_25.pth.
2026/03/25 03:49:46 - mmengine - INFO - Epoch(train) [26][10/39]  base_lr: 5.000000e-05 lr: 5.000000e-05  eta: 0:00:30  time: 0.150390  data_time: 0.069986  memory: 289  loss: 0.000084  loss_kpt: 0.000084  acc_pose: 0.912115
2026/03/25 03:49:48 - mmengine - INFO - Epoch(train) [26][20/39]  base_lr: 5.000000e-05 lr: 5.000000e-05  eta: 0:00:28  time: 0.148968  data_time: 0.068085  memory: 289  loss: 0.000085  loss_kpt: 0.000085  acc_pose: 0.926821
2026/03/25 03:49:49 - mmengine - INFO - Exp name: rtmpose-t_8xb256-420e_coco-256x192_20260325_034648
2026/03/25 03:49:49 - mmengine - INFO - Epoch(train) [26][30/39]  base_lr: 5.000000e-05 lr: 5.000000e-05  eta: 0:00:26  time: 0.150789  data_time: 0.071169  memory: 289  loss: 0.000084  loss_kpt: 0.000084  acc_pose: 0.883403
2026/03/25 03:49:50 - mmengine - INFO - Exp name: rtmpose-t_8xb256-420e_coco-256x192_20260325_034648
2026/03/25 03:49:52 - mmengine - INFO - Epoch(train) [27][10/39]  base_lr: 5.000000e-05 lr: 5.000000e-05  eta: 0:00:23  time: 0.151060  data_time: 0.071585  memory: 289  loss: 0.000082  loss_kpt: 0.000082  acc_pose: 0.908263
2026/03/25 03:49:54 - mmengine - INFO - Epoch(train) [27][20/39]  base_lr: 5.000000e-05 lr: 5.000000e-05  eta: 0:00:22  time: 0.143050  data_time: 0.062768  memory: 289  loss: 0.000081  loss_kpt: 0.000081  acc_pose: 0.833333
2026/03/25 03:49:55 - mmengine - INFO - Epoch(train) [27][30/39]  base_lr: 5.000000e-05 lr: 5.000000e-05  eta: 0:00:20  time: 0.142962  data_time: 0.064892  memory: 289  loss: 0.000082  loss_kpt: 0.000082  acc_pose: 0.815476
2026/03/25 03:49:56 - mmengine - INFO - Exp name: rtmpose-t_8xb256-420e_coco-256x192_20260325_034648
2026/03/25 03:49:58 - mmengine - INFO - Epoch(train) [28][10/39]  base_lr: 5.000000e-06 lr: 5.000000e-06  eta: 0:00:17  time: 0.154051  data_time: 0.077416  memory: 289  loss: 0.000079  loss_kpt: 0.000079  acc_pose: 0.941176
2026/03/25 03:49:59 - mmengine - INFO - Epoch(train) [28][20/39]  base_lr: 5.000000e-06 lr: 5.000000e-06  eta: 0:00:15  time: 0.145569  data_time: 0.069945  memory: 289  loss: 0.000080  loss_kpt: 0.000080  acc_pose: 0.852941
2026/03/25 03:50:01 - mmengine - INFO - Epoch(train) [28][30/39]  base_lr: 5.000000e-06 lr: 5.000000e-06  eta: 0:00:14  time: 0.147854  data_time: 0.074609  memory: 289  loss: 0.000081  loss_kpt: 0.000081  acc_pose: 0.930322
2026/03/25 03:50:02 - mmengine - INFO - Exp name: rtmpose-t_8xb256-420e_coco-256x192_20260325_034648
2026/03/25 03:50:04 - mmengine - INFO - Epoch(train) [29][10/39]  base_lr: 5.000000e-06 lr: 5.000000e-06  eta: 0:00:10  time: 0.151546  data_time: 0.076601  memory: 289  loss: 0.000079  loss_kpt: 0.000079  acc_pose: 0.906863
2026/03/25 03:50:05 - mmengine - INFO - Epoch(train) [29][20/39]  base_lr: 5.000000e-06 lr: 5.000000e-06  eta: 0:00:09  time: 0.140564  data_time: 0.062231  memory: 289  loss: 0.000081  loss_kpt: 0.000081  acc_pose: 0.879552
2026/03/25 03:50:07 - mmengine - INFO - Epoch(train) [29][30/39]  base_lr: 5.000000e-06 lr: 5.000000e-06  eta: 0:00:07  time: 0.146836  data_time: 0.067666  memory: 289  loss: 0.000081  loss_kpt: 0.000081  acc_pose: 0.946499
2026/03/25 03:50:08 - mmengine - INFO - Exp name: rtmpose-t_8xb256-420e_coco-256x192_20260325_034648
2026/03/25 03:50:09 - mmengine - INFO - Epoch(train) [30][10/39]  base_lr: 5.000000e-06 lr: 5.000000e-06  eta: 0:00:04  time: 0.156338  data_time: 0.075575  memory: 289  loss: 0.000078  loss_kpt: 0.000078  acc_pose: 0.860294
2026/03/25 03:50:11 - mmengine - INFO - Epoch(train) [30][20/39]  base_lr: 5.000000e-06 lr: 5.000000e-06  eta: 0:00:03  time: 0.149150  data_time: 0.070007  memory: 289  loss: 0.000080  loss_kpt: 0.000080  acc_pose: 0.895098
2026/03/25 03:50:13 - mmengine - INFO - Epoch(train) [30][30/39]  base_lr: 5.000000e-06 lr: 5.000000e-06  eta: 0:00:01  time: 0.153550  data_time: 0.076087  memory: 289  loss: 0.000079  loss_kpt: 0.000079  acc_pose: 0.878431
2026/03/25 03:50:14 - mmengine - INFO - Exp name: rtmpose-t_8xb256-420e_coco-256x192_20260325_034648
2026/03/25 03:50:14 - mmengine - INFO - Saving checkpoint at 30 epochs
2026/03/25 03:50:15 - mmengine - INFO - Evaluating CocoMetric...
2026/03/25 03:50:15 - mmengine - INFO - Epoch(val) [30][7/7]    coco/AP: 0.945312  coco/AP .5: 1.000000  coco/AP .75: 0.935094  coco/AP (M): -1.000000  coco/AP (L): 0.945312  coco/AR: 0.968519  coco/AR .5: 1.000000  coco/AR .75: 0.962963  coco/AR (M): -1.000000  coco/AR (L): 0.968519  data_time: 0.071630  time: 0.098992
2026/03/25 03:50:15 - mmengine - INFO - The previous best checkpoint /home/tvem/anime/AniPose/work_dirs/anime_rtmpose_tiny/best_coco_AP_epoch_25.pth is removed
2026/03/25 03:50:16 - mmengine - INFO - The best checkpoint with 0.9453 coco/AP at 30 epoch is saved to best_coco_AP_epoch_30.pth.
